<?xml version="1.0" encoding="UTF-8"?>
<coverage generated="1764342129300" clover="3.2.0">
  <project timestamp="1764342129301" name="All files">
    <metrics statements="400" coveredstatements="232" conditionals="244" coveredconditionals="133" methods="85" coveredmethods="44" elements="729" coveredelements="409" complexity="0" loc="400" ncloc="400" packages="3" files="7" classes="7"/>
    <package name="app.sprint-control.components.start-next-sprint">
      <metrics statements="149" coveredstatements="122" conditionals="135" coveredconditionals="90" methods="30" coveredmethods="23"/>
      <file name="challenge-preview.tsx" path="/home/mark/sprint-ui/app/sprint-control/components/start-next-sprint/challenge-preview.tsx">
        <metrics statements="9" coveredstatements="9" conditionals="5" coveredconditionals="5" methods="2" coveredmethods="2"/>
        <line num="9" count="1" type="stmt"/>
        <line num="10" count="1" type="stmt"/>
        <line num="28" count="23" type="stmt"/>
        <line num="33" count="23" type="cond" truecount="2" falsecount="0"/>
        <line num="48" count="20" type="cond" truecount="2" falsecount="0"/>
        <line num="64" count="16" type="stmt"/>
        <line num="66" count="16" type="stmt"/>
        <line num="69" count="16" type="stmt"/>
        <line num="107" count="1" type="stmt"/>
      </file>
      <file name="challenge-selector.tsx" path="/home/mark/sprint-ui/app/sprint-control/components/start-next-sprint/challenge-selector.tsx">
        <metrics statements="13" coveredstatements="13" conditionals="13" coveredconditionals="13" methods="6" coveredmethods="4"/>
        <line num="10" count="1" type="stmt"/>
        <line num="11" count="1" type="stmt"/>
        <line num="12" count="1" type="stmt"/>
        <line num="40" count="23" type="stmt"/>
        <line num="50" count="23" type="stmt"/>
        <line num="51" count="2" type="cond" truecount="2" falsecount="0"/>
        <line num="52" count="1" type="stmt"/>
        <line num="54" count="1" type="stmt"/>
        <line num="59" count="23" type="cond" truecount="2" falsecount="0"/>
        <line num="76" count="20" type="cond" truecount="2" falsecount="0"/>
        <line num="103" count="15" type="cond" truecount="4" falsecount="0"/>
        <line num="145" count="33" type="stmt"/>
        <line num="153" count="1" type="stmt"/>
      </file>
      <file name="index.tsx" path="/home/mark/sprint-ui/app/sprint-control/components/start-next-sprint/index.tsx">
        <metrics statements="111" coveredstatements="84" conditionals="97" coveredconditionals="54" methods="13" coveredmethods="11"/>
        <line num="10" count="1" type="stmt"/>
        <line num="11" count="1" type="stmt"/>
        <line num="12" count="1" type="stmt"/>
        <line num="13" count="1" type="stmt"/>
        <line num="14" count="1" type="stmt"/>
        <line num="15" count="1" type="stmt"/>
        <line num="16" count="1" type="stmt"/>
        <line num="17" count="1" type="stmt"/>
        <line num="18" count="1" type="stmt"/>
        <line num="34" count="26" type="stmt"/>
        <line num="35" count="53" type="stmt"/>
        <line num="42" count="53" type="stmt"/>
        <line num="45" count="53" type="stmt"/>
        <line num="48" count="53" type="stmt"/>
        <line num="51" count="53" type="stmt"/>
        <line num="52" count="53" type="stmt"/>
        <line num="53" count="53" type="stmt"/>
        <line num="56" count="53" type="stmt"/>
        <line num="59" count="53" type="stmt"/>
        <line num="60" count="53" type="stmt"/>
        <line num="61" count="53" type="stmt"/>
        <line num="64" count="53" type="stmt"/>
        <line num="71" count="53" type="stmt"/>
        <line num="74" count="53" type="stmt"/>
        <line num="77" count="53" type="stmt"/>
        <line num="78" count="35" type="cond" truecount="4" falsecount="0"/>
        <line num="79" count="9" type="stmt"/>
        <line num="80" count="9" type="stmt"/>
        <line num="82" count="9" type="cond" truecount="1" falsecount="1"/>
        <line num="84" count="26" type="stmt"/>
        <line num="89" count="53" type="stmt"/>
        <line num="90" count="1" type="stmt"/>
        <line num="91" count="1" type="cond" truecount="1" falsecount="1"/>
        <line num="92" count="1" type="stmt"/>
        <line num="97" count="53" type="stmt"/>
        <line num="98" count="28" type="stmt"/>
        <line num="99" count="0" type="cond" truecount="0" falsecount="2"/>
        <line num="104" count="0" type="cond" truecount="0" falsecount="4"/>
        <line num="107" count="0" type="stmt"/>
        <line num="109" count="0" type="cond" truecount="0" falsecount="2"/>
        <line num="110" count="0" type="stmt"/>
        <line num="111" count="0" type="stmt"/>
        <line num="112" count="0" type="stmt"/>
        <line num="113" count="0" type="cond" truecount="0" falsecount="2"/>
        <line num="114" count="0" type="cond" truecount="0" falsecount="2"/>
        <line num="116" count="0" type="stmt"/>
        <line num="119" count="0" type="stmt"/>
        <line num="121" count="0" type="stmt"/>
        <line num="125" count="0" type="stmt"/>
        <line num="129" count="28" type="stmt"/>
        <line num="139" count="53" type="stmt"/>
        <line num="141" count="14" type="cond" truecount="2" falsecount="2"/>
        <line num="145" count="14" type="cond" truecount="2" falsecount="0"/>
        <line num="146" count="2" type="stmt"/>
        <line num="147" count="2" type="stmt"/>
        <line num="148" count="2" type="stmt"/>
        <line num="149" count="12" type="cond" truecount="1" falsecount="1"/>
        <line num="150" count="12" type="stmt"/>
        <line num="151" count="12" type="stmt"/>
        <line num="152" count="12" type="stmt"/>
        <line num="153" count="0" type="cond" truecount="0" falsecount="4"/>
        <line num="154" count="0" type="stmt"/>
        <line num="157" count="0" type="stmt"/>
        <line num="161" count="53" type="stmt"/>
        <line num="162" count="7" type="stmt"/>
        <line num="163" count="7" type="stmt"/>
        <line num="164" count="7" type="stmt"/>
        <line num="168" count="53" type="stmt"/>
        <line num="169" count="7" type="stmt"/>
        <line num="172" count="7" type="cond" truecount="1" falsecount="1"/>
        <line num="173" count="0" type="stmt"/>
        <line num="177" count="7" type="cond" truecount="2" falsecount="2"/>
        <line num="178" count="0" type="stmt"/>
        <line num="182" count="7" type="cond" truecount="2" falsecount="2"/>
        <line num="183" count="0" type="stmt"/>
        <line num="188" count="7" type="cond" truecount="2" falsecount="2"/>
        <line num="191" count="7" type="stmt"/>
        <line num="192" count="7" type="cond" truecount="3" falsecount="1"/>
        <line num="193" count="0" type="stmt"/>
        <line num="197" count="7" type="cond" truecount="1" falsecount="1"/>
        <line num="198" count="0" type="stmt"/>
        <line num="202" count="7" type="cond" truecount="2" falsecount="2"/>
        <line num="203" count="0" type="stmt"/>
        <line num="206" count="7" type="stmt"/>
        <line num="207" count="7" type="stmt"/>
        <line num="211" count="53" type="stmt"/>
        <line num="212" count="7" type="stmt"/>
        <line num="214" count="7" type="cond" truecount="1" falsecount="1"/>
        <line num="215" count="0" type="stmt"/>
        <line num="218" count="7" type="cond" truecount="1" falsecount="1"/>
        <line num="219" count="0" type="stmt"/>
        <line num="223" count="7" type="stmt"/>
        <line num="227" count="7" type="cond" truecount="2" falsecount="2"/>
        <line num="230" count="7" type="stmt"/>
        <line num="232" count="7" type="cond" truecount="1" falsecount="1"/>
        <line num="233" count="0" type="stmt"/>
        <line num="234" count="0" type="stmt"/>
        <line num="237" count="7" type="stmt"/>
        <line num="241" count="7" type="cond" truecount="2" falsecount="0"/>
        <line num="245" count="7" type="cond" truecount="1" falsecount="1"/>
        <line num="248" count="7" type="stmt"/>
        <line num="260" count="7" type="stmt"/>
        <line num="264" count="53" type="stmt"/>
        <line num="265" count="52" type="cond" truecount="4" falsecount="0"/>
        <line num="267" count="2" type="cond" truecount="2" falsecount="0"/>
        <line num="268" count="1" type="stmt"/>
        <line num="272" count="2" type="stmt"/>
        <line num="277" count="2" type="stmt"/>
        <line num="283" count="53" type="cond" truecount="4" falsecount="0"/>
        <line num="287" count="0" type="stmt"/>
        <line num="395" count="1" type="stmt"/>
      </file>
      <file name="sprint-configuration.tsx" path="/home/mark/sprint-ui/app/sprint-control/components/start-next-sprint/sprint-configuration.tsx">
        <metrics statements="16" coveredstatements="16" conditionals="20" coveredconditionals="18" methods="9" coveredmethods="6"/>
        <line num="9" count="1" type="stmt"/>
        <line num="10" count="1" type="stmt"/>
        <line num="11" count="1" type="stmt"/>
        <line num="12" count="1" type="stmt"/>
        <line num="13" count="1" type="stmt"/>
        <line num="14" count="1" type="stmt"/>
        <line num="71" count="39" type="stmt"/>
        <line num="89" count="39" type="stmt"/>
        <line num="92" count="2" type="stmt"/>
        <line num="93" count="2" type="cond" truecount="1" falsecount="1"/>
        <line num="94" count="2" type="stmt"/>
        <line num="115" count="1" type="stmt"/>
        <line num="133" count="1" type="stmt"/>
        <line num="139" count="1" type="stmt"/>
        <line num="193" count="2" type="stmt"/>
        <line num="301" count="1" type="stmt"/>
      </file>
    </package>
    <package name="lib.api">
      <metrics statements="197" coveredstatements="57" conditionals="86" coveredconditionals="21" methods="45" coveredmethods="11"/>
      <file name="challenges.ts" path="/home/mark/sprint-ui/lib/api/challenges.ts">
        <metrics statements="59" coveredstatements="24" conditionals="19" coveredconditionals="7" methods="16" coveredmethods="5"/>
        <line num="11" count="1" type="stmt"/>
        <line num="13" count="1" type="stmt"/>
        <line num="14" count="1" type="stmt"/>
        <line num="65" count="0" type="stmt"/>
        <line num="69" count="0" type="stmt"/>
        <line num="88" count="0" type="stmt"/>
        <line num="91" count="0" type="cond" truecount="0" falsecount="4"/>
        <line num="93" count="0" type="stmt"/>
        <line num="108" count="0" type="stmt"/>
        <line num="109" count="45" type="stmt"/>
        <line num="128" count="0" type="stmt"/>
        <line num="129" count="0" type="stmt"/>
        <line num="142" count="0" type="stmt"/>
        <line num="143" count="0" type="stmt"/>
        <line num="158" count="0" type="stmt"/>
        <line num="160" count="0" type="stmt"/>
        <line num="161" count="0" type="stmt"/>
        <line num="163" count="0" type="cond" truecount="0" falsecount="2"/>
        <line num="164" count="0" type="stmt"/>
        <line num="168" count="0" type="stmt"/>
        <line num="171" count="0" type="stmt"/>
        <line num="175" count="0" type="stmt"/>
        <line num="196" count="0" type="stmt"/>
        <line num="197" count="0" type="stmt"/>
        <line num="213" count="0" type="stmt"/>
        <line num="217" count="0" type="stmt"/>
        <line num="230" count="0" type="stmt"/>
        <line num="231" count="0" type="stmt"/>
        <line num="249" count="0" type="stmt"/>
        <line num="254" count="0" type="stmt"/>
        <line num="259" count="0" type="stmt"/>
        <line num="277" count="0" type="stmt"/>
        <line num="278" count="0" type="stmt"/>
        <line num="279" count="0" type="stmt"/>
        <line num="291" count="0" type="stmt"/>
        <line num="294" count="0" type="stmt"/>
        <line num="295" count="0" type="stmt"/>
        <line num="296" count="0" type="stmt"/>
        <line num="298" count="0" type="stmt"/>
        <line num="321" count="11" type="stmt"/>
        <line num="322" count="48" type="cond" truecount="2" falsecount="0"/>
        <line num="324" count="48" type="stmt"/>
        <line num="327" count="48" type="stmt"/>
        <line num="328" count="48" type="stmt"/>
        <line num="330" count="48" type="stmt"/>
        <line num="337" count="45" type="stmt"/>
        <line num="338" count="42" type="stmt"/>
        <line num="342" count="45" type="stmt"/>
        <line num="345" count="44" type="stmt"/>
        <line num="346" count="216" type="stmt"/>
        <line num="349" count="44" type="stmt"/>
        <line num="351" count="4" type="stmt"/>
        <line num="367" count="37" type="stmt"/>
        <line num="368" count="37" type="stmt"/>
        <line num="370" count="36" type="cond" truecount="2" falsecount="0"/>
        <line num="371" count="4" type="cond" truecount="1" falsecount="1"/>
        <line num="372" count="4" type="stmt"/>
        <line num="378" count="32" type="stmt"/>
        <line num="380" count="32" type="stmt"/>
      </file>
      <file name="sprints.ts" path="/home/mark/sprint-ui/lib/api/sprints.ts">
        <metrics statements="138" coveredstatements="33" conditionals="67" coveredconditionals="14" methods="29" coveredmethods="6"/>
        <line num="11" count="1" type="stmt"/>
        <line num="20" count="1" type="stmt"/>
        <line num="34" count="0" type="cond" truecount="0" falsecount="2"/>
        <line num="35" count="0" type="stmt"/>
        <line num="106" count="0" type="stmt"/>
        <line num="111" count="0" type="stmt"/>
        <line num="127" count="0" type="stmt"/>
        <line num="128" count="0" type="stmt"/>
        <line num="142" count="0" type="stmt"/>
        <line num="145" count="0" type="stmt"/>
        <line num="161" count="0" type="stmt"/>
        <line num="166" count="0" type="stmt"/>
        <line num="184" count="0" type="stmt"/>
        <line num="185" count="0" type="stmt"/>
        <line num="186" count="0" type="stmt"/>
        <line num="193" count="0" type="stmt"/>
        <line num="209" count="0" type="stmt"/>
        <line num="210" count="0" type="stmt"/>
        <line num="211" count="0" type="stmt"/>
        <line num="221" count="0" type="stmt"/>
        <line num="244" count="0" type="stmt"/>
        <line num="245" count="0" type="stmt"/>
        <line num="259" count="0" type="stmt"/>
        <line num="276" count="0" type="stmt"/>
        <line num="280" count="0" type="stmt"/>
        <line num="293" count="0" type="stmt"/>
        <line num="294" count="0" type="stmt"/>
        <line num="314" count="0" type="stmt"/>
        <line num="318" count="0" type="stmt"/>
        <line num="320" count="0" type="cond" truecount="0" falsecount="2"/>
        <line num="321" count="0" type="stmt"/>
        <line num="326" count="0" type="stmt"/>
        <line num="331" count="0" type="cond" truecount="0" falsecount="2"/>
        <line num="332" count="0" type="stmt"/>
        <line num="335" count="0" type="stmt"/>
        <line num="350" count="0" type="stmt"/>
        <line num="351" count="0" type="stmt"/>
        <line num="353" count="0" type="cond" truecount="0" falsecount="2"/>
        <line num="354" count="0" type="stmt"/>
        <line num="359" count="0" type="stmt"/>
        <line num="377" count="0" type="stmt"/>
        <line num="378" count="0" type="stmt"/>
        <line num="380" count="0" type="cond" truecount="0" falsecount="2"/>
        <line num="381" count="0" type="stmt"/>
        <line num="386" count="0" type="stmt"/>
        <line num="405" count="0" type="stmt"/>
        <line num="409" count="0" type="stmt"/>
        <line num="411" count="0" type="cond" truecount="0" falsecount="2"/>
        <line num="412" count="0" type="stmt"/>
        <line num="417" count="0" type="stmt"/>
        <line num="422" count="0" type="cond" truecount="0" falsecount="2"/>
        <line num="423" count="0" type="stmt"/>
        <line num="426" count="0" type="stmt"/>
        <line num="442" count="0" type="stmt"/>
        <line num="446" count="0" type="stmt"/>
        <line num="448" count="0" type="stmt"/>
        <line num="449" count="0" type="cond" truecount="0" falsecount="2"/>
        <line num="450" count="0" type="stmt"/>
        <line num="455" count="0" type="stmt"/>
        <line num="459" count="0" type="cond" truecount="0" falsecount="2"/>
        <line num="460" count="0" type="stmt"/>
        <line num="463" count="0" type="stmt"/>
        <line num="480" count="0" type="stmt"/>
        <line num="481" count="0" type="stmt"/>
        <line num="482" count="0" type="stmt"/>
        <line num="488" count="0" type="cond" truecount="0" falsecount="2"/>
        <line num="489" count="0" type="stmt"/>
        <line num="492" count="0" type="stmt"/>
        <line num="494" count="0" type="stmt"/>
        <line num="510" count="0" type="stmt"/>
        <line num="511" count="0" type="stmt"/>
        <line num="526" count="0" type="stmt"/>
        <line num="527" count="0" type="stmt"/>
        <line num="541" count="0" type="stmt"/>
        <line num="542" count="0" type="stmt"/>
        <line num="543" count="0" type="stmt"/>
        <line num="555" count="6" type="stmt"/>
        <line num="556" count="10" type="stmt"/>
        <line num="565" count="10" type="stmt"/>
        <line num="582" count="0" type="stmt"/>
        <line num="589" count="0" type="stmt"/>
        <line num="592" count="0" type="stmt"/>
        <line num="598" count="0" type="stmt"/>
        <line num="601" count="0" type="stmt"/>
        <line num="607" count="0" type="stmt"/>
        <line num="608" count="0" type="stmt"/>
        <line num="610" count="0" type="cond" truecount="0" falsecount="2"/>
        <line num="614" count="0" type="stmt"/>
        <line num="634" count="0" type="stmt"/>
        <line num="638" count="0" type="stmt"/>
        <line num="640" count="0" type="cond" truecount="0" falsecount="2"/>
        <line num="641" count="0" type="stmt"/>
        <line num="644" count="0" type="stmt"/>
        <line num="645" count="0" type="stmt"/>
        <line num="649" count="0" type="stmt"/>
        <line num="666" count="0" type="stmt"/>
        <line num="670" count="0" type="stmt"/>
        <line num="673" count="0" type="cond" truecount="0" falsecount="2"/>
        <line num="674" count="0" type="stmt"/>
        <line num="675" count="0" type="cond" truecount="0" falsecount="2"/>
        <line num="676" count="0" type="stmt"/>
        <line num="677" count="0" type="cond" truecount="0" falsecount="2"/>
        <line num="678" count="0" type="stmt"/>
        <line num="681" count="0" type="stmt"/>
        <line num="698" count="0" type="stmt"/>
        <line num="702" count="0" type="stmt"/>
        <line num="708" count="0" type="cond" truecount="0" falsecount="2"/>
        <line num="709" count="0" type="stmt"/>
        <line num="714" count="0" type="cond" truecount="0" falsecount="3"/>
        <line num="718" count="0" type="stmt"/>
        <line num="753" count="18" type="stmt"/>
        <line num="757" count="29" type="stmt"/>
        <line num="758" count="29" type="stmt"/>
        <line num="761" count="29" type="stmt"/>
        <line num="762" count="116" type="stmt"/>
        <line num="764" count="29" type="stmt"/>
        <line num="765" count="29" type="stmt"/>
        <line num="773" count="27" type="stmt"/>
        <line num="774" count="22" type="cond" truecount="4" falsecount="0"/>
        <line num="775" count="2" type="stmt"/>
        <line num="778" count="20" type="stmt"/>
        <line num="779" count="20" type="stmt"/>
        <line num="782" count="20" type="cond" truecount="2" falsecount="0"/>
        <line num="785" count="27" type="stmt"/>
        <line num="787" count="2" type="stmt"/>
        <line num="812" count="13" type="stmt"/>
        <line num="817" count="13" type="cond" truecount="2" falsecount="0"/>
        <line num="818" count="2" type="stmt"/>
        <line num="825" count="11" type="stmt"/>
        <line num="827" count="11" type="cond" truecount="2" falsecount="0"/>
        <line num="828" count="4" type="stmt"/>
        <line num="829" count="4" type="stmt"/>
        <line num="830" count="8" type="stmt"/>
        <line num="833" count="4" type="stmt"/>
        <line num="834" count="4" type="cond" truecount="1" falsecount="1"/>
        <line num="837" count="4" type="cond" truecount="1" falsecount="1"/>
        <line num="841" count="4" type="stmt"/>
        <line num="848" count="7" type="stmt"/>
      </file>
    </package>
    <package name="lib.hooks">
      <metrics statements="54" coveredstatements="53" conditionals="23" coveredconditionals="22" methods="10" coveredmethods="10"/>
      <file name="use-start-sprint.ts" path="/home/mark/sprint-ui/lib/hooks/use-start-sprint.ts">
        <metrics statements="54" coveredstatements="53" conditionals="23" coveredconditionals="22" methods="10" coveredmethods="10"/>
        <line num="12" count="1" type="stmt"/>
        <line num="13" count="1" type="stmt"/>
        <line num="17" count="1" type="stmt"/>
        <line num="24" count="1" type="stmt"/>
        <line num="26" count="1" type="stmt"/>
        <line num="89" count="3" type="stmt"/>
        <line num="92" count="48" type="stmt"/>
        <line num="106" count="8" type="cond" truecount="1" falsecount="1"/>
        <line num="107" count="8" type="cond" truecount="2" falsecount="0"/>
        <line num="108" count="2" type="stmt"/>
        <line num="115" count="6" type="cond" truecount="2" falsecount="0"/>
        <line num="116" count="1" type="stmt"/>
        <line num="122" count="5" type="cond" truecount="2" falsecount="0"/>
        <line num="123" count="1" type="stmt"/>
        <line num="129" count="4" type="stmt"/>
        <line num="135" count="0" type="stmt"/>
        <line num="179" count="42" type="stmt"/>
        <line num="182" count="42" type="cond" truecount="2" falsecount="0"/>
        <line num="184" count="42" type="stmt"/>
        <line num="185" count="42" type="stmt"/>
        <line num="188" count="42" type="stmt"/>
        <line num="191" count="30" type="stmt"/>
        <line num="192" count="30" type="stmt"/>
        <line num="194" count="5" type="stmt"/>
        <line num="201" count="5" type="cond" truecount="2" falsecount="0"/>
        <line num="202" count="2" type="stmt"/>
        <line num="204" count="3" type="stmt"/>
        <line num="209" count="42" type="stmt"/>
        <line num="210" count="3" type="stmt"/>
        <line num="211" count="3" type="stmt"/>
        <line num="213" count="1" type="stmt"/>
        <line num="214" count="1" type="stmt"/>
        <line num="219" count="42" type="stmt"/>
        <line num="221" count="3" type="stmt"/>
        <line num="222" count="3" type="stmt"/>
        <line num="223" count="3" type="stmt"/>
        <line num="225" count="3" type="stmt"/>
        <line num="232" count="42" type="stmt"/>
        <line num="233" count="2" type="stmt"/>
        <line num="234" count="2" type="stmt"/>
        <line num="236" count="1" type="stmt"/>
        <line num="237" count="1" type="stmt"/>
        <line num="242" count="42" type="stmt"/>
        <line num="248" count="7" type="stmt"/>
        <line num="250" count="7" type="cond" truecount="4" falsecount="0"/>
        <line num="251" count="5" type="stmt"/>
        <line num="255" count="5" type="cond" truecount="2" falsecount="0"/>
        <line num="256" count="1" type="stmt"/>
        <line num="260" count="6" type="stmt"/>
        <line num="262" count="3" type="stmt"/>
        <line num="267" count="4" type="stmt"/>
        <line num="269" count="4" type="stmt"/>
        <line num="275" count="42" type="stmt"/>
        <line num="298" count="1" type="stmt"/>
      </file>
    </package>
  </project>
</coverage>
