{"/home/mark/sprint-ui/app/sprint-control/components/start-next-sprint/challenge-preview.tsx": {"path":"/home/mark/sprint-ui/app/sprint-control/components/start-next-sprint/challenge-preview.tsx","statementMap":{"0":{"start":{"line":28,"column":16},"end":{"line":28,"column":33}},"1":{"start":{"line":107,"column":0},"end":{"line":107,"column":15}},"2":{"start":{"line":9,"column":18},"end":{"line":9,"column":null}},"3":{"start":{"line":10,"column":22},"end":{"line":10,"column":null}},"4":{"start":{"line":33,"column":2},"end":{"line":45,"column":null}},"5":{"start":{"line":48,"column":2},"end":{"line":61,"column":null}},"6":{"start":{"line":64,"column":28},"end":{"line":67,"column":null}},"7":{"start":{"line":66,"column":4},"end":{"line":66,"column":null}},"8":{"start":{"line":69,"column":25},"end":{"line":69,"column":null}},"9":{"start":{"line":107,"column":15},"end":{"line":107,"column":null}}},"fnMap":{"0":{"name":"ChallengePreview","decl":{"start":{"line":28,"column":16},"end":{"line":28,"column":33}},"loc":{"start":{"line":31,"column":24},"end":{"line":105,"column":null}}},"1":{"name":"(anonymous_5)","decl":{"start":{"line":64,"column":28},"end":{"line":64,"column":29}},"loc":{"start":{"line":64,"column":29},"end":{"line":67,"column":null}}}},"branchMap":{"0":{"loc":{"start":{"line":30,"column":2},"end":{"line":30,"column":19}},"type":"default-arg","locations":[{"start":{"line":30,"column":14},"end":{"line":30,"column":19}}]},"1":{"loc":{"start":{"line":33,"column":2},"end":{"line":45,"column":null}},"type":"if","locations":[{"start":{"line":33,"column":2},"end":{"line":45,"column":null}},{"start":{},"end":{}}]},"2":{"loc":{"start":{"line":48,"column":2},"end":{"line":61,"column":null}},"type":"if","locations":[{"start":{"line":48,"column":2},"end":{"line":61,"column":null}},{"start":{},"end":{}}]}},"s":{"0":23,"1":0,"2":1,"3":1,"4":23,"5":20,"6":16,"7":16,"8":16,"9":1},"f":{"0":23,"1":16},"b":{"0":[20],"1":[3,20],"2":[4,16]}}
,"/home/mark/sprint-ui/app/sprint-control/components/start-next-sprint/challenge-selector.tsx": {"path":"/home/mark/sprint-ui/app/sprint-control/components/start-next-sprint/challenge-selector.tsx","statementMap":{"0":{"start":{"line":40,"column":16},"end":{"line":40,"column":34}},"1":{"start":{"line":153,"column":0},"end":{"line":153,"column":15}},"2":{"start":{"line":10,"column":18},"end":{"line":10,"column":null}},"3":{"start":{"line":11,"column":23},"end":{"line":11,"column":null}},"4":{"start":{"line":12,"column":23},"end":{"line":12,"column":null}},"5":{"start":{"line":50,"column":28},"end":{"line":56,"column":null}},"6":{"start":{"line":51,"column":4},"end":{"line":55,"column":null}},"7":{"start":{"line":52,"column":6},"end":{"line":52,"column":null}},"8":{"start":{"line":54,"column":6},"end":{"line":54,"column":null}},"9":{"start":{"line":59,"column":2},"end":{"line":73,"column":null}},"10":{"start":{"line":76,"column":2},"end":{"line":100,"column":null}},"11":{"start":{"line":103,"column":2},"end":{"line":128,"column":null}},"12":{"start":{"line":145,"column":8},"end":{"line":145,"column":40}},"13":{"start":{"line":153,"column":15},"end":{"line":153,"column":null}}},"fnMap":{"0":{"name":"ChallengeSelector","decl":{"start":{"line":40,"column":16},"end":{"line":40,"column":34}},"loc":{"start":{"line":48,"column":25},"end":{"line":151,"column":null}}},"1":{"name":"(anonymous_5)","decl":{"start":{"line":50,"column":28},"end":{"line":50,"column":29}},"loc":{"start":{"line":50,"column":29},"end":{"line":56,"column":null}}},"2":{"name":"(anonymous_6)","decl":{"start":{"line":68,"column":23},"end":{"line":68,"column":30}},"loc":{"start":{"line":68,"column":23},"end":{"line":68,"column":null}}},"3":{"name":"(anonymous_7)","decl":{"start":{"line":86,"column":25},"end":{"line":86,"column":32}},"loc":{"start":{"line":86,"column":25},"end":{"line":86,"column":null}}},"4":{"name":"(anonymous_8)","decl":{"start":{"line":113,"column":25},"end":{"line":113,"column":32}},"loc":{"start":{"line":113,"column":25},"end":{"line":113,"column":null}}},"5":{"name":"(anonymous_9)","decl":{"start":{"line":144,"column":22},"end":{"line":144,"column":23}},"loc":{"start":{"line":145,"column":8},"end":{"line":145,"column":40}}}},"branchMap":{"0":{"loc":{"start":{"line":45,"column":2},"end":{"line":45,"column":19}},"type":"default-arg","locations":[{"start":{"line":45,"column":14},"end":{"line":45,"column":19}}]},"1":{"loc":{"start":{"line":46,"column":2},"end":{"line":46,"column":14}},"type":"default-arg","locations":[{"start":{"line":46,"column":10},"end":{"line":46,"column":14}}]},"2":{"loc":{"start":{"line":51,"column":4},"end":{"line":55,"column":null}},"type":"if","locations":[{"start":{"line":51,"column":4},"end":{"line":55,"column":null}},{"start":{"line":53,"column":11},"end":{"line":55,"column":null}}]},"3":{"loc":{"start":{"line":59,"column":2},"end":{"line":73,"column":null}},"type":"if","locations":[{"start":{"line":59,"column":2},"end":{"line":73,"column":null}},{"start":{},"end":{}}]},"4":{"loc":{"start":{"line":76,"column":2},"end":{"line":100,"column":null}},"type":"if","locations":[{"start":{"line":76,"column":2},"end":{"line":100,"column":null}},{"start":{},"end":{}}]},"5":{"loc":{"start":{"line":92,"column":11},"end":{"line":92,"column":null}},"type":"binary-expr","locations":[{"start":{"line":92,"column":11},"end":{"line":92,"column":null}}]},"6":{"loc":{"start":{"line":103,"column":2},"end":{"line":128,"column":null}},"type":"if","locations":[{"start":{"line":103,"column":2},"end":{"line":128,"column":null}},{"start":{},"end":{}}]},"7":{"loc":{"start":{"line":103,"column":6},"end":{"line":103,"column":46}},"type":"binary-expr","locations":[{"start":{"line":103,"column":6},"end":{"line":103,"column":21}},{"start":{"line":103,"column":21},"end":{"line":103,"column":46}}]}},"s":{"0":23,"1":0,"2":1,"3":1,"4":1,"5":23,"6":2,"7":1,"8":1,"9":23,"10":20,"11":15,"12":33,"13":1},"f":{"0":23,"1":2,"2":1,"3":0,"4":0,"5":33},"b":{"0":[20],"1":[18],"2":[1,1],"3":[3,20],"4":[5,15],"5":[5],"6":[4,11],"7":[15,14]}}
,"/home/mark/sprint-ui/app/sprint-control/components/start-next-sprint/index.tsx": {"path":"/home/mark/sprint-ui/app/sprint-control/components/start-next-sprint/index.tsx","statementMap":{"0":{"start":{"line":34,"column":16},"end":{"line":34,"column":32}},"1":{"start":{"line":395,"column":0},"end":{"line":395,"column":15}},"2":{"start":{"line":10,"column":56},"end":{"line":10,"column":null}},"3":{"start":{"line":11,"column":26},"end":{"line":11,"column":null}},"4":{"start":{"line":12,"column":23},"end":{"line":12,"column":null}},"5":{"start":{"line":13,"column":22},"end":{"line":13,"column":null}},"6":{"start":{"line":14,"column":28},"end":{"line":14,"column":null}},"7":{"start":{"line":15,"column":31},"end":{"line":15,"column":null}},"8":{"start":{"line":16,"column":34},"end":{"line":16,"column":null}},"9":{"start":{"line":17,"column":33},"end":{"line":17,"column":null}},"10":{"start":{"line":18,"column":36},"end":{"line":18,"column":null}},"11":{"start":{"line":35,"column":17},"end":{"line":35,"column":null}},"12":{"start":{"line":42,"column":6},"end":{"line":42,"column":null}},"13":{"start":{"line":45,"column":56},"end":{"line":47,"column":null}},"14":{"start":{"line":48,"column":52},"end":{"line":50,"column":null}},"15":{"start":{"line":51,"column":38},"end":{"line":51,"column":null}},"16":{"start":{"line":52,"column":48},"end":{"line":52,"column":null}},"17":{"start":{"line":53,"column":48},"end":{"line":54,"column":null}},"18":{"start":{"line":56,"column":46},"end":{"line":58,"column":null}},"19":{"start":{"line":59,"column":44},"end":{"line":59,"column":null}},"20":{"start":{"line":60,"column":34},"end":{"line":60,"column":null}},"21":{"start":{"line":61,"column":38},"end":{"line":61,"column":null}},"22":{"start":{"line":64,"column":50},"end":{"line":70,"column":null}},"23":{"start":{"line":71,"column":56},"end":{"line":72,"column":null}},"24":{"start":{"line":74,"column":42},"end":{"line":74,"column":null}},"25":{"start":{"line":77,"column":2},"end":{"line":86,"column":null}},"26":{"start":{"line":78,"column":4},"end":{"line":85,"column":null}},"27":{"start":{"line":79,"column":24},"end":{"line":80,"column":null}},"28":{"start":{"line":80,"column":15},"end":{"line":80,"column":null}},"29":{"start":{"line":82,"column":6},"end":{"line":82,"column":null}},"30":{"start":{"line":84,"column":6},"end":{"line":84,"column":null}},"31":{"start":{"line":89,"column":29},"end":{"line":94,"column":null}},"32":{"start":{"line":90,"column":28},"end":{"line":90,"column":null}},"33":{"start":{"line":91,"column":4},"end":{"line":93,"column":null}},"34":{"start":{"line":92,"column":6},"end":{"line":92,"column":null}},"35":{"start":{"line":97,"column":2},"end":{"line":136,"column":null}},"36":{"start":{"line":98,"column":22},"end":{"line":127,"column":13}},"37":{"start":{"line":99,"column":6},"end":{"line":126,"column":null}},"38":{"start":{"line":104,"column":10},"end":{"line":106,"column":null}},"39":{"start":{"line":107,"column":24},"end":{"line":107,"column":null}},"40":{"start":{"line":109,"column":8},"end":{"line":123,"column":null}},"41":{"start":{"line":110,"column":10},"end":{"line":110,"column":null}},"42":{"start":{"line":111,"column":10},"end":{"line":122,"column":null}},"43":{"start":{"line":112,"column":27},"end":{"line":112,"column":null}},"44":{"start":{"line":113,"column":12},"end":{"line":117,"column":null}},"45":{"start":{"line":114,"column":14},"end":{"line":114,"column":null}},"46":{"start":{"line":116,"column":14},"end":{"line":116,"column":null}},"47":{"start":{"line":119,"column":12},"end":{"line":119,"column":null}},"48":{"start":{"line":121,"column":12},"end":{"line":121,"column":null}},"49":{"start":{"line":125,"column":8},"end":{"line":125,"column":null}},"50":{"start":{"line":129,"column":4},"end":{"line":129,"column":null}},"51":{"start":{"line":129,"column":17},"end":{"line":129,"column":null}},"52":{"start":{"line":139,"column":27},"end":{"line":158,"column":null}},"53":{"start":{"line":141,"column":6},"end":{"line":143,"column":null}},"54":{"start":{"line":145,"column":4},"end":{"line":155,"column":null}},"55":{"start":{"line":146,"column":22},"end":{"line":146,"column":null}},"56":{"start":{"line":147,"column":6},"end":{"line":147,"column":null}},"57":{"start":{"line":148,"column":6},"end":{"line":148,"column":null}},"58":{"start":{"line":149,"column":11},"end":{"line":155,"column":null}},"59":{"start":{"line":150,"column":22},"end":{"line":150,"column":null}},"60":{"start":{"line":151,"column":6},"end":{"line":151,"column":null}},"61":{"start":{"line":152,"column":6},"end":{"line":152,"column":null}},"62":{"start":{"line":153,"column":11},"end":{"line":155,"column":null}},"63":{"start":{"line":154,"column":6},"end":{"line":154,"column":null}},"64":{"start":{"line":157,"column":4},"end":{"line":157,"column":null}},"65":{"start":{"line":161,"column":32},"end":{"line":165,"column":null}},"66":{"start":{"line":162,"column":21},"end":{"line":162,"column":null}},"67":{"start":{"line":163,"column":21},"end":{"line":163,"column":null}},"68":{"start":{"line":164,"column":4},"end":{"line":164,"column":null}},"69":{"start":{"line":168,"column":23},"end":{"line":208,"column":null}},"70":{"start":{"line":169,"column":44},"end":{"line":169,"column":null}},"71":{"start":{"line":172,"column":4},"end":{"line":174,"column":null}},"72":{"start":{"line":173,"column":6},"end":{"line":173,"column":null}},"73":{"start":{"line":177,"column":4},"end":{"line":179,"column":null}},"74":{"start":{"line":178,"column":6},"end":{"line":178,"column":null}},"75":{"start":{"line":182,"column":4},"end":{"line":184,"column":null}},"76":{"start":{"line":183,"column":6},"end":{"line":183,"column":null}},"77":{"start":{"line":188,"column":6},"end":{"line":190,"column":null}},"78":{"start":{"line":191,"column":20},"end":{"line":191,"column":null}},"79":{"start":{"line":192,"column":4},"end":{"line":194,"column":null}},"80":{"start":{"line":193,"column":6},"end":{"line":193,"column":null}},"81":{"start":{"line":197,"column":4},"end":{"line":199,"column":null}},"82":{"start":{"line":198,"column":6},"end":{"line":198,"column":null}},"83":{"start":{"line":202,"column":4},"end":{"line":204,"column":null}},"84":{"start":{"line":203,"column":6},"end":{"line":203,"column":null}},"85":{"start":{"line":206,"column":4},"end":{"line":206,"column":null}},"86":{"start":{"line":207,"column":4},"end":{"line":207,"column":null}},"87":{"start":{"line":211,"column":23},"end":{"line":261,"column":null}},"88":{"start":{"line":212,"column":4},"end":{"line":212,"column":null}},"89":{"start":{"line":214,"column":4},"end":{"line":216,"column":null}},"90":{"start":{"line":215,"column":6},"end":{"line":215,"column":null}},"91":{"start":{"line":218,"column":4},"end":{"line":220,"column":null}},"92":{"start":{"line":219,"column":6},"end":{"line":219,"column":null}},"93":{"start":{"line":223,"column":23},"end":{"line":223,"column":null}},"94":{"start":{"line":227,"column":6},"end":{"line":229,"column":null}},"95":{"start":{"line":230,"column":20},"end":{"line":230,"column":null}},"96":{"start":{"line":232,"column":4},"end":{"line":235,"column":null}},"97":{"start":{"line":233,"column":6},"end":{"line":233,"column":null}},"98":{"start":{"line":234,"column":6},"end":{"line":234,"column":null}},"99":{"start":{"line":237,"column":25},"end":{"line":237,"column":null}},"100":{"start":{"line":241,"column":6},"end":{"line":242,"column":75}},"101":{"start":{"line":245,"column":43},"end":{"line":245,"column":null}},"102":{"start":{"line":248,"column":23},"end":{"line":257,"column":null}},"103":{"start":{"line":260,"column":4},"end":{"line":260,"column":null}},"104":{"start":{"line":264,"column":2},"end":{"line":279,"column":null}},"105":{"start":{"line":265,"column":4},"end":{"line":278,"column":null}},"106":{"start":{"line":267,"column":6},"end":{"line":269,"column":null}},"107":{"start":{"line":268,"column":8},"end":{"line":268,"column":null}},"108":{"start":{"line":272,"column":6},"end":{"line":273,"column":null}},"109":{"start":{"line":277,"column":6},"end":{"line":277,"column":null}},"110":{"start":{"line":283,"column":4},"end":{"line":288,"column":null}},"111":{"start":{"line":287,"column":15},"end":{"line":287,"column":34}},"112":{"start":{"line":395,"column":15},"end":{"line":395,"column":null}}},"fnMap":{"0":{"name":"StartNextSprint","decl":{"start":{"line":34,"column":16},"end":{"line":34,"column":32}},"loc":{"start":{"line":34,"column":73},"end":{"line":393,"column":null}}},"1":{"name":"(anonymous_7)","decl":{"start":{"line":77,"column":12},"end":{"line":77,"column":null}},"loc":{"start":{"line":77,"column":12},"end":{"line":86,"column":5}}},"2":{"name":"(anonymous_8)","decl":{"start":{"line":80,"column":8},"end":{"line":80,"column":9}},"loc":{"start":{"line":80,"column":15},"end":{"line":80,"column":null}}},"3":{"name":"(anonymous_9)","decl":{"start":{"line":89,"column":41},"end":{"line":89,"column":null}},"loc":{"start":{"line":89,"column":41},"end":{"line":94,"column":5}}},"4":{"name":"(anonymous_10)","decl":{"start":{"line":97,"column":12},"end":{"line":97,"column":null}},"loc":{"start":{"line":97,"column":12},"end":{"line":130,"column":5}}},"5":{"name":"(anonymous_11)","decl":{"start":{"line":98,"column":33},"end":{"line":98,"column":null}},"loc":{"start":{"line":98,"column":33},"end":{"line":127,"column":7}}},"6":{"name":"(anonymous_12)","decl":{"start":{"line":129,"column":11},"end":{"line":129,"column":17}},"loc":{"start":{"line":129,"column":17},"end":{"line":129,"column":null}}},"7":{"name":"(anonymous_13)","decl":{"start":{"line":139,"column":27},"end":{"line":139,"column":null}},"loc":{"start":{"line":139,"column":27},"end":{"line":158,"column":null}}},"8":{"name":"(anonymous_14)","decl":{"start":{"line":161,"column":32},"end":{"line":161,"column":33}},"loc":{"start":{"line":161,"column":46},"end":{"line":165,"column":null}}},"9":{"name":"(anonymous_15)","decl":{"start":{"line":168,"column":23},"end":{"line":168,"column":null}},"loc":{"start":{"line":168,"column":23},"end":{"line":208,"column":null}}},"10":{"name":"(anonymous_16)","decl":{"start":{"line":211,"column":23},"end":{"line":211,"column":30}},"loc":{"start":{"line":211,"column":30},"end":{"line":261,"column":null}}},"11":{"name":"(anonymous_17)","decl":{"start":{"line":264,"column":12},"end":{"line":264,"column":null}},"loc":{"start":{"line":264,"column":12},"end":{"line":279,"column":5}}},"12":{"name":"(anonymous_18)","decl":{"start":{"line":287,"column":6},"end":{"line":287,"column":7}},"loc":{"start":{"line":287,"column":15},"end":{"line":287,"column":34}}}},"branchMap":{"0":{"loc":{"start":{"line":78,"column":4},"end":{"line":85,"column":null}},"type":"if","locations":[{"start":{"line":78,"column":4},"end":{"line":85,"column":null}},{"start":{"line":83,"column":11},"end":{"line":85,"column":null}}]},"1":{"loc":{"start":{"line":78,"column":8},"end":{"line":78,"column":55}},"type":"binary-expr","locations":[{"start":{"line":78,"column":8},"end":{"line":78,"column":31}},{"start":{"line":78,"column":31},"end":{"line":78,"column":55}}]},"2":{"loc":{"start":{"line":82,"column":27},"end":{"line":82,"column":null}},"type":"binary-expr","locations":[{"start":{"line":82,"column":27},"end":{"line":82,"column":40}},{"start":{"line":82,"column":40},"end":{"line":82,"column":null}}]},"3":{"loc":{"start":{"line":91,"column":4},"end":{"line":93,"column":null}},"type":"if","locations":[{"start":{"line":91,"column":4},"end":{"line":93,"column":null}},{"start":{},"end":{}}]},"4":{"loc":{"start":{"line":99,"column":6},"end":{"line":126,"column":null}},"type":"if","locations":[{"start":{"line":99,"column":6},"end":{"line":126,"column":null}},{"start":{"line":124,"column":13},"end":{"line":126,"column":null}}]},"5":{"loc":{"start":{"line":100,"column":8},"end":{"line":101,"column":null}},"type":"binary-expr","locations":[{"start":{"line":100,"column":8},"end":{"line":100,"column":41}},{"start":{"line":100,"column":41},"end":{"line":100,"column":null}},{"start":{"line":101,"column":8},"end":{"line":101,"column":null}}]},"6":{"loc":{"start":{"line":104,"column":10},"end":{"line":106,"column":null}},"type":"cond-expr","locations":[{"start":{"line":105,"column":14},"end":{"line":105,"column":null}},{"start":{"line":106,"column":14},"end":{"line":106,"column":null}}]},"7":{"loc":{"start":{"line":104,"column":10},"end":{"line":104,"column":null}},"type":"binary-expr","locations":[{"start":{"line":104,"column":10},"end":{"line":104,"column":42}},{"start":{"line":104,"column":42},"end":{"line":104,"column":null}}]},"8":{"loc":{"start":{"line":109,"column":8},"end":{"line":123,"column":null}},"type":"if","locations":[{"start":{"line":109,"column":8},"end":{"line":123,"column":null}},{"start":{},"end":{}}]},"9":{"loc":{"start":{"line":113,"column":12},"end":{"line":117,"column":null}},"type":"if","locations":[{"start":{"line":113,"column":12},"end":{"line":117,"column":null}},{"start":{"line":115,"column":19},"end":{"line":117,"column":null}}]},"10":{"loc":{"start":{"line":114,"column":37},"end":{"line":114,"column":null}},"type":"binary-expr","locations":[{"start":{"line":114,"column":37},"end":{"line":114,"column":49}},{"start":{"line":114,"column":53},"end":{"line":114,"column":null}}]},"11":{"loc":{"start":{"line":141,"column":6},"end":{"line":143,"column":null}},"type":"cond-expr","locations":[{"start":{"line":142,"column":10},"end":{"line":142,"column":null}},{"start":{"line":143,"column":10},"end":{"line":143,"column":null}}]},"12":{"loc":{"start":{"line":141,"column":6},"end":{"line":141,"column":null}},"type":"binary-expr","locations":[{"start":{"line":141,"column":6},"end":{"line":141,"column":38}},{"start":{"line":141,"column":38},"end":{"line":141,"column":null}}]},"13":{"loc":{"start":{"line":145,"column":4},"end":{"line":155,"column":null}},"type":"if","locations":[{"start":{"line":145,"column":4},"end":{"line":155,"column":null}},{"start":{"line":149,"column":11},"end":{"line":155,"column":null}}]},"14":{"loc":{"start":{"line":149,"column":11},"end":{"line":155,"column":null}},"type":"if","locations":[{"start":{"line":149,"column":11},"end":{"line":155,"column":null}},{"start":{"line":153,"column":11},"end":{"line":155,"column":null}}]},"15":{"loc":{"start":{"line":153,"column":11},"end":{"line":155,"column":null}},"type":"if","locations":[{"start":{"line":153,"column":11},"end":{"line":155,"column":null}},{"start":{},"end":{}}]},"16":{"loc":{"start":{"line":153,"column":15},"end":{"line":153,"column":61}},"type":"binary-expr","locations":[{"start":{"line":153,"column":15},"end":{"line":153,"column":46}},{"start":{"line":153,"column":46},"end":{"line":153,"column":61}}]},"17":{"loc":{"start":{"line":172,"column":4},"end":{"line":174,"column":null}},"type":"if","locations":[{"start":{"line":172,"column":4},"end":{"line":174,"column":null}},{"start":{},"end":{}}]},"18":{"loc":{"start":{"line":177,"column":4},"end":{"line":179,"column":null}},"type":"if","locations":[{"start":{"line":177,"column":4},"end":{"line":179,"column":null}},{"start":{},"end":{}}]},"19":{"loc":{"start":{"line":177,"column":8},"end":{"line":177,"column":58}},"type":"binary-expr","locations":[{"start":{"line":177,"column":8},"end":{"line":177,"column":40}},{"start":{"line":177,"column":40},"end":{"line":177,"column":58}}]},"20":{"loc":{"start":{"line":182,"column":4},"end":{"line":184,"column":null}},"type":"if","locations":[{"start":{"line":182,"column":4},"end":{"line":184,"column":null}},{"start":{},"end":{}}]},"21":{"loc":{"start":{"line":182,"column":8},"end":{"line":182,"column":55}},"type":"binary-expr","locations":[{"start":{"line":182,"column":8},"end":{"line":182,"column":39}},{"start":{"line":182,"column":39},"end":{"line":182,"column":55}}]},"22":{"loc":{"start":{"line":188,"column":6},"end":{"line":190,"column":null}},"type":"cond-expr","locations":[{"start":{"line":189,"column":10},"end":{"line":189,"column":null}},{"start":{"line":190,"column":10},"end":{"line":190,"column":null}}]},"23":{"loc":{"start":{"line":188,"column":6},"end":{"line":188,"column":null}},"type":"binary-expr","locations":[{"start":{"line":188,"column":6},"end":{"line":188,"column":38}},{"start":{"line":188,"column":38},"end":{"line":188,"column":null}}]},"24":{"loc":{"start":{"line":192,"column":4},"end":{"line":194,"column":null}},"type":"if","locations":[{"start":{"line":192,"column":4},"end":{"line":194,"column":null}},{"start":{},"end":{}}]},"25":{"loc":{"start":{"line":192,"column":8},"end":{"line":192,"column":41}},"type":"binary-expr","locations":[{"start":{"line":192,"column":8},"end":{"line":192,"column":19}},{"start":{"line":192,"column":19},"end":{"line":192,"column":41}}]},"26":{"loc":{"start":{"line":197,"column":4},"end":{"line":199,"column":null}},"type":"if","locations":[{"start":{"line":197,"column":4},"end":{"line":199,"column":null}},{"start":{},"end":{}}]},"27":{"loc":{"start":{"line":202,"column":4},"end":{"line":204,"column":null}},"type":"if","locations":[{"start":{"line":202,"column":4},"end":{"line":204,"column":null}},{"start":{},"end":{}}]},"28":{"loc":{"start":{"line":202,"column":8},"end":{"line":202,"column":43}},"type":"binary-expr","locations":[{"start":{"line":202,"column":8},"end":{"line":202,"column":20}},{"start":{"line":202,"column":20},"end":{"line":202,"column":43}}]},"29":{"loc":{"start":{"line":214,"column":4},"end":{"line":216,"column":null}},"type":"if","locations":[{"start":{"line":214,"column":4},"end":{"line":216,"column":null}},{"start":{},"end":{}}]},"30":{"loc":{"start":{"line":218,"column":4},"end":{"line":220,"column":null}},"type":"if","locations":[{"start":{"line":218,"column":4},"end":{"line":220,"column":null}},{"start":{},"end":{}}]},"31":{"loc":{"start":{"line":227,"column":6},"end":{"line":229,"column":null}},"type":"cond-expr","locations":[{"start":{"line":228,"column":10},"end":{"line":228,"column":null}},{"start":{"line":229,"column":10},"end":{"line":229,"column":null}}]},"32":{"loc":{"start":{"line":227,"column":6},"end":{"line":227,"column":null}},"type":"binary-expr","locations":[{"start":{"line":227,"column":6},"end":{"line":227,"column":38}},{"start":{"line":227,"column":38},"end":{"line":227,"column":null}}]},"33":{"loc":{"start":{"line":232,"column":4},"end":{"line":235,"column":null}},"type":"if","locations":[{"start":{"line":232,"column":4},"end":{"line":235,"column":null}},{"start":{},"end":{}}]},"34":{"loc":{"start":{"line":241,"column":6},"end":{"line":242,"column":75}},"type":"binary-expr","locations":[{"start":{"line":241,"column":6},"end":{"line":241,"column":null}},{"start":{"line":242,"column":6},"end":{"line":242,"column":75}}]},"35":{"loc":{"start":{"line":242,"column":33},"end":{"line":242,"column":75}},"type":"binary-expr","locations":[{"start":{"line":242,"column":33},"end":{"line":242,"column":61}},{"start":{"line":242,"column":61},"end":{"line":242,"column":75}}]},"36":{"loc":{"start":{"line":245,"column":43},"end":{"line":245,"column":null}},"type":"cond-expr","locations":[{"start":{"line":245,"column":71},"end":{"line":245,"column":82}},{"start":{"line":245,"column":82},"end":{"line":245,"column":null}}]},"37":{"loc":{"start":{"line":255,"column":17},"end":{"line":255,"column":null}},"type":"cond-expr","locations":[{"start":{"line":255,"column":28},"end":{"line":255,"column":64}},{"start":{"line":255,"column":67},"end":{"line":255,"column":null}}]},"38":{"loc":{"start":{"line":265,"column":4},"end":{"line":278,"column":null}},"type":"if","locations":[{"start":{"line":265,"column":4},"end":{"line":278,"column":null}},{"start":{},"end":{}}]},"39":{"loc":{"start":{"line":265,"column":8},"end":{"line":265,"column":67}},"type":"binary-expr","locations":[{"start":{"line":265,"column":8},"end":{"line":265,"column":38}},{"start":{"line":265,"column":42},"end":{"line":265,"column":67}}]},"40":{"loc":{"start":{"line":267,"column":6},"end":{"line":269,"column":null}},"type":"if","locations":[{"start":{"line":267,"column":6},"end":{"line":269,"column":null}},{"start":{},"end":{}}]},"41":{"loc":{"start":{"line":283,"column":4},"end":{"line":288,"column":null}},"type":"binary-expr","locations":[{"start":{"line":283,"column":4},"end":{"line":283,"column":null}},{"start":{"line":284,"column":4},"end":{"line":284,"column":null}},{"start":{"line":285,"column":4},"end":{"line":285,"column":null}},{"start":{"line":286,"column":4},"end":{"line":288,"column":null}}]},"42":{"loc":{"start":{"line":299,"column":7},"end":{"line":299,"column":32}},"type":"binary-expr","locations":[{"start":{"line":299,"column":7},"end":{"line":299,"column":32}}]},"43":{"loc":{"start":{"line":308,"column":7},"end":{"line":308,"column":null}},"type":"binary-expr","locations":[{"start":{"line":308,"column":7},"end":{"line":308,"column":null}}]},"44":{"loc":{"start":{"line":313,"column":7},"end":{"line":313,"column":33}},"type":"binary-expr","locations":[{"start":{"line":313,"column":7},"end":{"line":313,"column":33}}]},"45":{"loc":{"start":{"line":336,"column":23},"end":{"line":336,"column":null}},"type":"binary-expr","locations":[{"start":{"line":336,"column":23},"end":{"line":336,"column":61}},{"start":{"line":336,"column":61},"end":{"line":336,"column":null}}]},"46":{"loc":{"start":{"line":339,"column":15},"end":{"line":339,"column":41}},"type":"binary-expr","locations":[{"start":{"line":339,"column":15},"end":{"line":339,"column":41}}]},"47":{"loc":{"start":{"line":370,"column":26},"end":{"line":370,"column":72}},"type":"binary-expr","locations":[{"start":{"line":370,"column":26},"end":{"line":370,"column":42}},{"start":{"line":370,"column":42},"end":{"line":370,"column":72}}]},"48":{"loc":{"start":{"line":373,"column":17},"end":{"line":373,"column":null}},"type":"cond-expr","locations":[{"start":{"line":373,"column":50},"end":{"line":373,"column":66}},{"start":{"line":373,"column":66},"end":{"line":373,"column":null}}]}},"s":{"0":26,"1":0,"2":1,"3":1,"4":1,"5":1,"6":1,"7":1,"8":1,"9":1,"10":1,"11":53,"12":53,"13":53,"14":53,"15":53,"16":53,"17":53,"18":53,"19":53,"20":53,"21":53,"22":53,"23":53,"24":53,"25":53,"26":35,"27":9,"28":9,"29":9,"30":26,"31":53,"32":1,"33":1,"34":1,"35":53,"36":28,"37":0,"38":0,"39":0,"40":0,"41":0,"42":0,"43":0,"44":0,"45":0,"46":0,"47":0,"48":0,"49":0,"50":28,"51":28,"52":53,"53":14,"54":14,"55":2,"56":2,"57":2,"58":12,"59":12,"60":12,"61":12,"62":0,"63":0,"64":0,"65":53,"66":7,"67":7,"68":7,"69":53,"70":7,"71":7,"72":0,"73":7,"74":0,"75":7,"76":0,"77":7,"78":7,"79":7,"80":0,"81":7,"82":0,"83":7,"84":0,"85":7,"86":7,"87":53,"88":7,"89":7,"90":0,"91":7,"92":0,"93":7,"94":7,"95":7,"96":7,"97":0,"98":0,"99":7,"100":7,"101":7,"102":7,"103":7,"104":53,"105":52,"106":2,"107":1,"108":2,"109":2,"110":53,"111":0,"112":1},"f":{"0":53,"1":35,"2":9,"3":1,"4":28,"5":0,"6":28,"7":14,"8":7,"9":7,"10":7,"11":52,"12":0},"b":{"0":[9,26],"1":[35,9],"2":[9,0],"3":[1,0],"4":[0,0],"5":[0,0,0],"6":[0,0],"7":[0,0],"8":[0,0],"9":[0,0],"10":[0,0],"11":[0,14],"12":[14,0],"13":[2,12],"14":[12,0],"15":[0,0],"16":[0,0],"17":[0,7],"18":[0,7],"19":[7,0],"20":[0,7],"21":[7,0],"22":[0,7],"23":[7,0],"24":[0,7],"25":[7,7],"26":[0,7],"27":[0,7],"28":[7,0],"29":[0,7],"30":[0,7],"31":[0,7],"32":[7,0],"33":[0,7],"34":[7,7],"35":[7,0],"36":[7,0],"37":[0,7],"38":[2,50],"39":[52,2],"40":[1,1],"41":[53,53,53,27],"42":[53],"43":[53],"44":[53],"45":[53,52],"46":[53],"47":[53,27],"48":[2,51]}}
,"/home/mark/sprint-ui/app/sprint-control/components/start-next-sprint/sprint-configuration.tsx": {"path":"/home/mark/sprint-ui/app/sprint-control/components/start-next-sprint/sprint-configuration.tsx","statementMap":{"0":{"start":{"line":71,"column":16},"end":{"line":71,"column":36}},"1":{"start":{"line":301,"column":0},"end":{"line":301,"column":15}},"2":{"start":{"line":9,"column":18},"end":{"line":9,"column":null}},"3":{"start":{"line":10,"column":26},"end":{"line":10,"column":null}},"4":{"start":{"line":11,"column":23},"end":{"line":11,"column":null}},"5":{"start":{"line":12,"column":25},"end":{"line":12,"column":null}},"6":{"start":{"line":13,"column":23},"end":{"line":13,"column":null}},"7":{"start":{"line":14,"column":32},"end":{"line":14,"column":null}},"8":{"start":{"line":89,"column":33},"end":{"line":96,"column":null}},"9":{"start":{"line":92,"column":18},"end":{"line":92,"column":36}},"10":{"start":{"line":93,"column":4},"end":{"line":95,"column":null}},"11":{"start":{"line":94,"column":6},"end":{"line":94,"column":null}},"12":{"start":{"line":115,"column":12},"end":{"line":115,"column":null}},"13":{"start":{"line":133,"column":27},"end":{"line":133,"column":null}},"14":{"start":{"line":139,"column":27},"end":{"line":139,"column":null}},"15":{"start":{"line":193,"column":12},"end":{"line":193,"column":null}},"16":{"start":{"line":301,"column":15},"end":{"line":301,"column":null}}},"fnMap":{"0":{"name":"SprintConfiguration","decl":{"start":{"line":71,"column":16},"end":{"line":71,"column":36}},"loc":{"start":{"line":87,"column":27},"end":{"line":299,"column":null}}},"1":{"name":"(anonymous_8)","decl":{"start":{"line":89,"column":33},"end":{"line":89,"column":null}},"loc":{"start":{"line":90,"column":4},"end":{"line":96,"column":null}}},"2":{"name":"(anonymous_9)","decl":{"start":{"line":114,"column":20},"end":{"line":114,"column":21}},"loc":{"start":{"line":114,"column":21},"end":{"line":116,"column":null}}},"3":{"name":"(anonymous_10)","decl":{"start":{"line":133,"column":21},"end":{"line":133,"column":27}},"loc":{"start":{"line":133,"column":27},"end":{"line":133,"column":null}}},"4":{"name":"(anonymous_11)","decl":{"start":{"line":139,"column":21},"end":{"line":139,"column":27}},"loc":{"start":{"line":139,"column":27},"end":{"line":139,"column":null}}},"5":{"name":"(anonymous_12)","decl":{"start":{"line":153,"column":25},"end":{"line":153,"column":32}},"loc":{"start":{"line":153,"column":25},"end":{"line":153,"column":null}}},"6":{"name":"(anonymous_13)","decl":{"start":{"line":192,"column":25},"end":{"line":192,"column":26}},"loc":{"start":{"line":193,"column":12},"end":{"line":193,"column":null}}},"7":{"name":"(anonymous_14)","decl":{"start":{"line":210,"column":25},"end":{"line":210,"column":32}},"loc":{"start":{"line":210,"column":25},"end":{"line":210,"column":null}}},"8":{"name":"(anonymous_15)","decl":{"start":{"line":253,"column":23},"end":{"line":253,"column":30}},"loc":{"start":{"line":253,"column":23},"end":{"line":253,"column":null}}}},"branchMap":{"0":{"loc":{"start":{"line":86,"column":2},"end":{"line":86,"column":13}},"type":"default-arg","locations":[{"start":{"line":86,"column":11},"end":{"line":86,"column":13}}]},"1":{"loc":{"start":{"line":93,"column":4},"end":{"line":95,"column":null}},"type":"if","locations":[{"start":{"line":93,"column":4},"end":{"line":95,"column":null}},{"start":{},"end":{}}]},"2":{"loc":{"start":{"line":119,"column":7},"end":{"line":119,"column":24}},"type":"binary-expr","locations":[{"start":{"line":119,"column":7},"end":{"line":119,"column":24}}]},"3":{"loc":{"start":{"line":132,"column":21},"end":{"line":132,"column":null}},"type":"cond-expr","locations":[{"start":{"line":132,"column":49},"end":{"line":132,"column":67}},{"start":{"line":132,"column":67},"end":{"line":132,"column":null}}]},"4":{"loc":{"start":{"line":138,"column":21},"end":{"line":138,"column":null}},"type":"cond-expr","locations":[{"start":{"line":138,"column":52},"end":{"line":138,"column":70}},{"start":{"line":138,"column":70},"end":{"line":138,"column":null}}]},"5":{"loc":{"start":{"line":146,"column":9},"end":{"line":146,"column":null}},"type":"binary-expr","locations":[{"start":{"line":146,"column":9},"end":{"line":146,"column":null}}]},"6":{"loc":{"start":{"line":155,"column":17},"end":{"line":157,"column":null}},"type":"cond-expr","locations":[{"start":{"line":156,"column":20},"end":{"line":156,"column":null}},{"start":{"line":157,"column":20},"end":{"line":157,"column":null}}]},"7":{"loc":{"start":{"line":178,"column":9},"end":{"line":178,"column":25}},"type":"binary-expr","locations":[{"start":{"line":178,"column":9},"end":{"line":178,"column":25}}]},"8":{"loc":{"start":{"line":203,"column":9},"end":{"line":203,"column":null}},"type":"binary-expr","locations":[{"start":{"line":203,"column":9},"end":{"line":203,"column":null}}]},"9":{"loc":{"start":{"line":212,"column":17},"end":{"line":214,"column":null}},"type":"cond-expr","locations":[{"start":{"line":213,"column":20},"end":{"line":213,"column":null}},{"start":{"line":214,"column":20},"end":{"line":214,"column":null}}]},"10":{"loc":{"start":{"line":235,"column":9},"end":{"line":235,"column":23}},"type":"binary-expr","locations":[{"start":{"line":235,"column":9},"end":{"line":235,"column":23}}]},"11":{"loc":{"start":{"line":255,"column":15},"end":{"line":255,"column":null}},"type":"cond-expr","locations":[{"start":{"line":255,"column":26},"end":{"line":255,"column":58}},{"start":{"line":255,"column":58},"end":{"line":255,"column":null}}]},"12":{"loc":{"start":{"line":272,"column":7},"end":{"line":272,"column":22}},"type":"binary-expr","locations":[{"start":{"line":272,"column":7},"end":{"line":272,"column":22}}]},"13":{"loc":{"start":{"line":292,"column":7},"end":{"line":292,"column":24}},"type":"binary-expr","locations":[{"start":{"line":292,"column":7},"end":{"line":292,"column":24}}]}},"s":{"0":39,"1":0,"2":1,"3":1,"4":1,"5":1,"6":1,"7":1,"8":39,"9":2,"10":2,"11":2,"12":1,"13":1,"14":1,"15":2,"16":1},"f":{"0":39,"1":2,"2":1,"3":1,"4":1,"5":0,"6":2,"7":0,"8":0},"b":{"0":[0],"1":[2,0],"2":[39],"3":[33,6],"4":[6,33],"5":[39],"6":[1,5],"7":[39],"8":[39],"9":[1,3],"10":[39],"11":[1,38],"12":[39],"13":[39]}}
,"/home/mark/sprint-ui/lib/api/challenges.ts": {"path":"/home/mark/sprint-ui/lib/api/challenges.ts","statementMap":{"0":{"start":{"line":196,"column":22},"end":{"line":196,"column":38}},"1":{"start":{"line":230,"column":22},"end":{"line":230,"column":38}},"2":{"start":{"line":108,"column":22},"end":{"line":108,"column":null}},"3":{"start":{"line":321,"column":22},"end":{"line":321,"column":45}},"4":{"start":{"line":128,"column":22},"end":{"line":128,"column":35}},"5":{"start":{"line":142,"column":22},"end":{"line":142,"column":43}},"6":{"start":{"line":277,"column":22},"end":{"line":277,"column":null}},"7":{"start":{"line":367,"column":22},"end":{"line":367,"column":50}},"8":{"start":{"line":158,"column":22},"end":{"line":158,"column":null}},"9":{"start":{"line":291,"column":22},"end":{"line":291,"column":null}},"10":{"start":{"line":65,"column":22},"end":{"line":65,"column":null}},"11":{"start":{"line":88,"column":22},"end":{"line":88,"column":null}},"12":{"start":{"line":249,"column":22},"end":{"line":249,"column":null}},"13":{"start":{"line":213,"column":22},"end":{"line":213,"column":null}},"14":{"start":{"line":11,"column":15},"end":{"line":11,"column":null}},"15":{"start":{"line":13,"column":28},"end":{"line":13,"column":null}},"16":{"start":{"line":14,"column":41},"end":{"line":14,"column":null}},"17":{"start":{"line":69,"column":2},"end":{"line":71,"column":null}},"18":{"start":{"line":91,"column":77},"end":{"line":91,"column":null}},"19":{"start":{"line":93,"column":2},"end":{"line":96,"column":null}},"20":{"start":{"line":109,"column":2},"end":{"line":111,"column":null}},"21":{"start":{"line":129,"column":2},"end":{"line":129,"column":null}},"22":{"start":{"line":143,"column":2},"end":{"line":144,"column":null}},"23":{"start":{"line":160,"column":17},"end":{"line":160,"column":null}},"24":{"start":{"line":161,"column":21},"end":{"line":161,"column":38}},"25":{"start":{"line":163,"column":2},"end":{"line":165,"column":null}},"26":{"start":{"line":164,"column":4},"end":{"line":164,"column":null}},"27":{"start":{"line":168,"column":21},"end":{"line":168,"column":null}},"28":{"start":{"line":171,"column":23},"end":{"line":173,"column":null}},"29":{"start":{"line":175,"column":2},"end":{"line":175,"column":null}},"30":{"start":{"line":197,"column":2},"end":{"line":197,"column":null}},"31":{"start":{"line":217,"column":2},"end":{"line":217,"column":null}},"32":{"start":{"line":231,"column":2},"end":{"line":231,"column":null}},"33":{"start":{"line":254,"column":17},"end":{"line":257,"column":null}},"34":{"start":{"line":259,"column":2},"end":{"line":262,"column":null}},"35":{"start":{"line":278,"column":17},"end":{"line":278,"column":null}},"36":{"start":{"line":279,"column":2},"end":{"line":279,"column":null}},"37":{"start":{"line":294,"column":2},"end":{"line":299,"column":null}},"38":{"start":{"line":295,"column":4},"end":{"line":295,"column":null}},"39":{"start":{"line":296,"column":4},"end":{"line":296,"column":18}},"40":{"start":{"line":298,"column":4},"end":{"line":298,"column":17}},"41":{"start":{"line":322,"column":21},"end":{"line":322,"column":null}},"42":{"start":{"line":324,"column":2},"end":{"line":354,"column":null}},"43":{"start":{"line":327,"column":24},"end":{"line":327,"column":54}},"44":{"start":{"line":328,"column":22},"end":{"line":328,"column":52}},"45":{"start":{"line":330,"column":26},"end":{"line":334,"column":null}},"46":{"start":{"line":337,"column":29},"end":{"line":338,"column":null}},"47":{"start":{"line":338,"column":41},"end":{"line":338,"column":60}},"48":{"start":{"line":342,"column":26},"end":{"line":342,"column":null}},"49":{"start":{"line":345,"column":32},"end":{"line":346,"column":null}},"50":{"start":{"line":346,"column":21},"end":{"line":346,"column":null}},"51":{"start":{"line":349,"column":4},"end":{"line":349,"column":null}},"52":{"start":{"line":351,"column":4},"end":{"line":352,"column":null}},"53":{"start":{"line":368,"column":30},"end":{"line":368,"column":null}},"54":{"start":{"line":370,"column":2},"end":{"line":375,"column":null}},"55":{"start":{"line":371,"column":23},"end":{"line":371,"column":null}},"56":{"start":{"line":372,"column":4},"end":{"line":373,"column":null}},"57":{"start":{"line":378,"column":22},"end":{"line":378,"column":null}},"58":{"start":{"line":380,"column":2},"end":{"line":380,"column":null}}},"fnMap":{"0":{"name":"listChallenges","decl":{"start":{"line":65,"column":22},"end":{"line":65,"column":null}},"loc":{"start":{"line":67,"column":22},"end":{"line":72,"column":null}}},"1":{"name":"listChallengesWithOptions","decl":{"start":{"line":88,"column":22},"end":{"line":88,"column":null}},"loc":{"start":{"line":89,"column":37},"end":{"line":97,"column":null}}},"2":{"name":"getAllChallenges","decl":{"start":{"line":108,"column":22},"end":{"line":108,"column":null}},"loc":{"start":{"line":108,"column":22},"end":{"line":112,"column":null}}},"3":{"name":"getChallenge","decl":{"start":{"line":128,"column":22},"end":{"line":128,"column":35}},"loc":{"start":{"line":128,"column":45},"end":{"line":130,"column":null}}},"4":{"name":"getChallengeByNumber","decl":{"start":{"line":142,"column":22},"end":{"line":142,"column":43}},"loc":{"start":{"line":142,"column":66},"end":{"line":146,"column":null}}},"5":{"name":"getRandomChallenge","decl":{"start":{"line":158,"column":22},"end":{"line":158,"column":null}},"loc":{"start":{"line":158,"column":22},"end":{"line":176,"column":null}}},"6":{"name":"createChallenge","decl":{"start":{"line":196,"column":22},"end":{"line":196,"column":38}},"loc":{"start":{"line":196,"column":63},"end":{"line":198,"column":null}}},"7":{"name":"updateChallenge","decl":{"start":{"line":213,"column":22},"end":{"line":213,"column":null}},"loc":{"start":{"line":215,"column":27},"end":{"line":218,"column":null}}},"8":{"name":"deleteChallenge","decl":{"start":{"line":230,"column":22},"end":{"line":230,"column":38}},"loc":{"start":{"line":230,"column":48},"end":{"line":232,"column":null}}},"9":{"name":"searchChallenges","decl":{"start":{"line":249,"column":22},"end":{"line":249,"column":null}},"loc":{"start":{"line":252,"column":22},"end":{"line":263,"column":null}}},"10":{"name":"getChallengeCount","decl":{"start":{"line":277,"column":22},"end":{"line":277,"column":null}},"loc":{"start":{"line":277,"column":22},"end":{"line":280,"column":null}}},"11":{"name":"isChallengeNumberAvailable","decl":{"start":{"line":291,"column":22},"end":{"line":291,"column":null}},"loc":{"start":{"line":292,"column":25},"end":{"line":300,"column":null}}},"12":{"name":"getAvailableChallenges","decl":{"start":{"line":321,"column":22},"end":{"line":321,"column":45}},"loc":{"start":{"line":321,"column":58},"end":{"line":355,"column":null}}},"13":{"name":"(anonymous_29)","decl":{"start":{"line":338,"column":24},"end":{"line":338,"column":25}},"loc":{"start":{"line":338,"column":41},"end":{"line":338,"column":60}}},"14":{"name":"(anonymous_30)","decl":{"start":{"line":346,"column":6},"end":{"line":346,"column":7}},"loc":{"start":{"line":346,"column":21},"end":{"line":346,"column":null}}},"15":{"name":"getRandomAvailableChallenge","decl":{"start":{"line":367,"column":22},"end":{"line":367,"column":50}},"loc":{"start":{"line":367,"column":63},"end":{"line":381,"column":null}}}},"branchMap":{"0":{"loc":{"start":{"line":66,"column":2},"end":{"line":66,"column":18}},"type":"default-arg","locations":[{"start":{"line":66,"column":17},"end":{"line":66,"column":18}}]},"1":{"loc":{"start":{"line":67,"column":2},"end":{"line":67,"column":22}},"type":"default-arg","locations":[{"start":{"line":67,"column":20},"end":{"line":67,"column":22}}]},"2":{"loc":{"start":{"line":89,"column":2},"end":{"line":89,"column":37}},"type":"default-arg","locations":[{"start":{"line":89,"column":35},"end":{"line":89,"column":37}}]},"3":{"loc":{"start":{"line":91,"column":10},"end":{"line":91,"column":18}},"type":"default-arg","locations":[{"start":{"line":91,"column":17},"end":{"line":91,"column":18}}]},"4":{"loc":{"start":{"line":91,"column":20},"end":{"line":91,"column":32}},"type":"default-arg","locations":[{"start":{"line":91,"column":30},"end":{"line":91,"column":32}}]},"5":{"loc":{"start":{"line":91,"column":34},"end":{"line":91,"column":59}},"type":"default-arg","locations":[{"start":{"line":91,"column":41},"end":{"line":91,"column":59}}]},"6":{"loc":{"start":{"line":91,"column":61},"end":{"line":91,"column":72}},"type":"default-arg","locations":[{"start":{"line":91,"column":70},"end":{"line":91,"column":72}}]},"7":{"loc":{"start":{"line":163,"column":2},"end":{"line":165,"column":null}},"type":"if","locations":[{"start":{"line":163,"column":2},"end":{"line":165,"column":null}},{"start":{},"end":{}}]},"8":{"loc":{"start":{"line":251,"column":2},"end":{"line":251,"column":18}},"type":"default-arg","locations":[{"start":{"line":251,"column":17},"end":{"line":251,"column":18}}]},"9":{"loc":{"start":{"line":252,"column":2},"end":{"line":252,"column":22}},"type":"default-arg","locations":[{"start":{"line":252,"column":20},"end":{"line":252,"column":22}}]},"10":{"loc":{"start":{"line":322,"column":21},"end":{"line":322,"column":null}},"type":"binary-expr","locations":[{"start":{"line":322,"column":21},"end":{"line":322,"column":29}},{"start":{"line":322,"column":29},"end":{"line":322,"column":null}}]},"11":{"loc":{"start":{"line":352,"column":47},"end":{"line":352,"column":105}},"type":"cond-expr","locations":[{"start":{"line":352,"column":72},"end":{"line":352,"column":85}},{"start":{"line":352,"column":88},"end":{"line":352,"column":105}}]},"12":{"loc":{"start":{"line":370,"column":2},"end":{"line":375,"column":null}},"type":"if","locations":[{"start":{"line":370,"column":2},"end":{"line":375,"column":null}},{"start":{},"end":{}}]},"13":{"loc":{"start":{"line":371,"column":23},"end":{"line":371,"column":null}},"type":"binary-expr","locations":[{"start":{"line":371,"column":23},"end":{"line":371,"column":31}},{"start":{"line":371,"column":31},"end":{"line":371,"column":null}}]}},"s":{"0":0,"1":0,"2":0,"3":11,"4":0,"5":0,"6":0,"7":37,"8":0,"9":0,"10":0,"11":0,"12":0,"13":0,"14":1,"15":1,"16":1,"17":0,"18":0,"19":0,"20":45,"21":0,"22":0,"23":0,"24":0,"25":0,"26":0,"27":0,"28":0,"29":0,"30":0,"31":0,"32":0,"33":0,"34":0,"35":0,"36":0,"37":0,"38":0,"39":0,"40":0,"41":48,"42":48,"43":48,"44":48,"45":48,"46":45,"47":42,"48":45,"49":44,"50":216,"51":44,"52":4,"53":37,"54":36,"55":4,"56":4,"57":32,"58":32},"f":{"0":0,"1":0,"2":45,"3":0,"4":0,"5":0,"6":0,"7":0,"8":0,"9":0,"10":0,"11":0,"12":48,"13":42,"14":216,"15":37},"b":{"0":[0],"1":[0],"2":[0],"3":[0],"4":[0],"5":[0],"6":[0],"7":[0,0],"8":[0],"9":[0],"10":[48,2],"11":[3,1],"12":[4,32],"13":[4,0]}}
,"/home/mark/sprint-ui/lib/api/sprints.ts": {"path":"/home/mark/sprint-ui/lib/api/sprints.ts","statementMap":{"0":{"start":{"line":314,"column":22},"end":{"line":314,"column":null}},"1":{"start":{"line":442,"column":22},"end":{"line":442,"column":null}},"2":{"start":{"line":405,"column":22},"end":{"line":405,"column":null}},"3":{"start":{"line":244,"column":22},"end":{"line":244,"column":35}},"4":{"start":{"line":293,"column":22},"end":{"line":293,"column":35}},"5":{"start":{"line":666,"column":22},"end":{"line":666,"column":null}},"6":{"start":{"line":634,"column":22},"end":{"line":634,"column":null}},"7":{"start":{"line":184,"column":22},"end":{"line":184,"column":null}},"8":{"start":{"line":209,"column":22},"end":{"line":209,"column":null}},"9":{"start":{"line":480,"column":22},"end":{"line":480,"column":null}},"10":{"start":{"line":753,"column":22},"end":{"line":753,"column":null}},"11":{"start":{"line":127,"column":22},"end":{"line":127,"column":32}},"12":{"start":{"line":698,"column":22},"end":{"line":698,"column":42}},"13":{"start":{"line":582,"column":22},"end":{"line":582,"column":42}},"14":{"start":{"line":142,"column":22},"end":{"line":142,"column":null}},"15":{"start":{"line":161,"column":22},"end":{"line":161,"column":null}},"16":{"start":{"line":555,"column":16},"end":{"line":555,"column":31}},"17":{"start":{"line":510,"column":16},"end":{"line":510,"column":39}},"18":{"start":{"line":526,"column":16},"end":{"line":526,"column":33}},"19":{"start":{"line":541,"column":16},"end":{"line":541,"column":35}},"20":{"start":{"line":106,"column":22},"end":{"line":106,"column":null}},"21":{"start":{"line":377,"column":22},"end":{"line":377,"column":40}},"22":{"start":{"line":350,"column":22},"end":{"line":350,"column":41}},"23":{"start":{"line":276,"column":22},"end":{"line":276,"column":null}},"24":{"start":{"line":812,"column":22},"end":{"line":812,"column":null}},"25":{"start":{"line":11,"column":15},"end":{"line":11,"column":null}},"26":{"start":{"line":20,"column":28},"end":{"line":20,"column":null}},"27":{"start":{"line":34,"column":2},"end":{"line":36,"column":null}},"28":{"start":{"line":35,"column":4},"end":{"line":35,"column":null}},"29":{"start":{"line":111,"column":2},"end":{"line":114,"column":null}},"30":{"start":{"line":128,"column":2},"end":{"line":128,"column":null}},"31":{"start":{"line":145,"column":2},"end":{"line":147,"column":null}},"32":{"start":{"line":166,"column":2},"end":{"line":169,"column":null}},"33":{"start":{"line":185,"column":2},"end":{"line":194,"column":null}},"34":{"start":{"line":186,"column":4},"end":{"line":190,"column":null}},"35":{"start":{"line":193,"column":4},"end":{"line":193,"column":null}},"36":{"start":{"line":210,"column":2},"end":{"line":222,"column":null}},"37":{"start":{"line":211,"column":4},"end":{"line":217,"column":null}},"38":{"start":{"line":221,"column":4},"end":{"line":221,"column":null}},"39":{"start":{"line":245,"column":21},"end":{"line":257,"column":null}},"40":{"start":{"line":259,"column":2},"end":{"line":259,"column":null}},"41":{"start":{"line":280,"column":2},"end":{"line":280,"column":null}},"42":{"start":{"line":294,"column":2},"end":{"line":294,"column":null}},"43":{"start":{"line":318,"column":17},"end":{"line":318,"column":null}},"44":{"start":{"line":320,"column":2},"end":{"line":324,"column":null}},"45":{"start":{"line":321,"column":4},"end":{"line":322,"column":null}},"46":{"start":{"line":326,"column":39},"end":{"line":329,"column":null}},"47":{"start":{"line":331,"column":2},"end":{"line":333,"column":null}},"48":{"start":{"line":332,"column":4},"end":{"line":332,"column":null}},"49":{"start":{"line":335,"column":2},"end":{"line":335,"column":null}},"50":{"start":{"line":351,"column":17},"end":{"line":351,"column":null}},"51":{"start":{"line":353,"column":2},"end":{"line":357,"column":null}},"52":{"start":{"line":354,"column":4},"end":{"line":355,"column":null}},"53":{"start":{"line":359,"column":2},"end":{"line":362,"column":null}},"54":{"start":{"line":378,"column":17},"end":{"line":378,"column":null}},"55":{"start":{"line":380,"column":2},"end":{"line":384,"column":null}},"56":{"start":{"line":381,"column":4},"end":{"line":382,"column":null}},"57":{"start":{"line":386,"column":2},"end":{"line":389,"column":null}},"58":{"start":{"line":409,"column":17},"end":{"line":409,"column":null}},"59":{"start":{"line":411,"column":2},"end":{"line":415,"column":null}},"60":{"start":{"line":412,"column":4},"end":{"line":413,"column":null}},"61":{"start":{"line":417,"column":39},"end":{"line":420,"column":null}},"62":{"start":{"line":422,"column":2},"end":{"line":424,"column":null}},"63":{"start":{"line":423,"column":4},"end":{"line":423,"column":null}},"64":{"start":{"line":426,"column":2},"end":{"line":426,"column":null}},"65":{"start":{"line":446,"column":17},"end":{"line":446,"column":null}},"66":{"start":{"line":448,"column":46},"end":{"line":448,"column":null}},"67":{"start":{"line":449,"column":2},"end":{"line":453,"column":null}},"68":{"start":{"line":450,"column":4},"end":{"line":451,"column":null}},"69":{"start":{"line":455,"column":39},"end":{"line":457,"column":null}},"70":{"start":{"line":459,"column":2},"end":{"line":461,"column":null}},"71":{"start":{"line":460,"column":4},"end":{"line":460,"column":null}},"72":{"start":{"line":463,"column":2},"end":{"line":463,"column":null}},"73":{"start":{"line":481,"column":2},"end":{"line":495,"column":null}},"74":{"start":{"line":482,"column":19},"end":{"line":486,"column":null}},"75":{"start":{"line":488,"column":4},"end":{"line":490,"column":null}},"76":{"start":{"line":489,"column":6},"end":{"line":489,"column":null}},"77":{"start":{"line":492,"column":4},"end":{"line":492,"column":null}},"78":{"start":{"line":494,"column":4},"end":{"line":494,"column":null}},"79":{"start":{"line":511,"column":2},"end":{"line":511,"column":null}},"80":{"start":{"line":527,"column":2},"end":{"line":527,"column":null}},"81":{"start":{"line":542,"column":41},"end":{"line":542,"column":null}},"82":{"start":{"line":543,"column":2},"end":{"line":543,"column":null}},"83":{"start":{"line":556,"column":47},"end":{"line":563,"column":null}},"84":{"start":{"line":565,"column":2},"end":{"line":565,"column":null}},"85":{"start":{"line":589,"column":2},"end":{"line":589,"column":null}},"86":{"start":{"line":592,"column":23},"end":{"line":596,"column":null}},"87":{"start":{"line":598,"column":28},"end":{"line":598,"column":47}},"88":{"start":{"line":601,"column":22},"end":{"line":605,"column":null}},"89":{"start":{"line":607,"column":27},"end":{"line":607,"column":45}},"90":{"start":{"line":608,"column":27},"end":{"line":608,"column":null}},"91":{"start":{"line":610,"column":4},"end":{"line":612,"column":null}},"92":{"start":{"line":614,"column":2},"end":{"line":619,"column":null}},"93":{"start":{"line":638,"column":17},"end":{"line":638,"column":null}},"94":{"start":{"line":640,"column":2},"end":{"line":642,"column":null}},"95":{"start":{"line":641,"column":4},"end":{"line":641,"column":null}},"96":{"start":{"line":644,"column":25},"end":{"line":644,"column":null}},"97":{"start":{"line":645,"column":21},"end":{"line":646,"column":null}},"98":{"start":{"line":649,"column":2},"end":{"line":652,"column":null}},"99":{"start":{"line":670,"column":17},"end":{"line":670,"column":null}},"100":{"start":{"line":673,"column":2},"end":{"line":679,"column":null}},"101":{"start":{"line":674,"column":4},"end":{"line":674,"column":null}},"102":{"start":{"line":675,"column":9},"end":{"line":679,"column":null}},"103":{"start":{"line":676,"column":4},"end":{"line":676,"column":null}},"104":{"start":{"line":677,"column":9},"end":{"line":679,"column":null}},"105":{"start":{"line":678,"column":4},"end":{"line":678,"column":null}},"106":{"start":{"line":681,"column":2},"end":{"line":682,"column":null}},"107":{"start":{"line":702,"column":17},"end":{"line":706,"column":null}},"108":{"start":{"line":708,"column":2},"end":{"line":710,"column":null}},"109":{"start":{"line":709,"column":4},"end":{"line":709,"column":null}},"110":{"start":{"line":714,"column":4},"end":{"line":716,"column":null}},"111":{"start":{"line":718,"column":2},"end":{"line":721,"column":null}},"112":{"start":{"line":757,"column":19},"end":{"line":757,"column":null}},"113":{"start":{"line":758,"column":17},"end":{"line":758,"column":null}},"114":{"start":{"line":761,"column":43},"end":{"line":761,"column":null}},"115":{"start":{"line":762,"column":23},"end":{"line":762,"column":null}},"116":{"start":{"line":762,"column":51},"end":{"line":762,"column":66}},"117":{"start":{"line":764,"column":2},"end":{"line":790,"column":null}},"118":{"start":{"line":765,"column":20},"end":{"line":769,"column":null}},"119":{"start":{"line":773,"column":31},"end":{"line":783,"column":null}},"120":{"start":{"line":774,"column":6},"end":{"line":776,"column":null}},"121":{"start":{"line":775,"column":8},"end":{"line":775,"column":null}},"122":{"start":{"line":778,"column":26},"end":{"line":778,"column":null}},"123":{"start":{"line":779,"column":24},"end":{"line":779,"column":null}},"124":{"start":{"line":782,"column":6},"end":{"line":782,"column":null}},"125":{"start":{"line":785,"column":4},"end":{"line":785,"column":null}},"126":{"start":{"line":787,"column":4},"end":{"line":788,"column":null}},"127":{"start":{"line":817,"column":2},"end":{"line":822,"column":null}},"128":{"start":{"line":818,"column":4},"end":{"line":821,"column":null}},"129":{"start":{"line":825,"column":29},"end":{"line":825,"column":null}},"130":{"start":{"line":827,"column":2},"end":{"line":846,"column":null}},"131":{"start":{"line":828,"column":30},"end":{"line":828,"column":51}},"132":{"start":{"line":829,"column":23},"end":{"line":831,"column":null}},"133":{"start":{"line":830,"column":6},"end":{"line":830,"column":null}},"134":{"start":{"line":833,"column":24},"end":{"line":833,"column":null}},"135":{"start":{"line":834,"column":21},"end":{"line":836,"column":null}},"136":{"start":{"line":837,"column":19},"end":{"line":839,"column":null}},"137":{"start":{"line":841,"column":4},"end":{"line":845,"column":null}},"138":{"start":{"line":848,"column":2},"end":{"line":850,"column":null}}},"fnMap":{"0":{"name":"validateRecordId","decl":{"start":{"line":33,"column":9},"end":{"line":33,"column":26}},"loc":{"start":{"line":33,"column":36},"end":{"line":37,"column":null}}},"1":{"name":"listSprints","decl":{"start":{"line":106,"column":22},"end":{"line":106,"column":null}},"loc":{"start":{"line":109,"column":17},"end":{"line":115,"column":null}}},"2":{"name":"getSprint","decl":{"start":{"line":127,"column":22},"end":{"line":127,"column":32}},"loc":{"start":{"line":127,"column":42},"end":{"line":129,"column":null}}},"3":{"name":"getSprintWithChallenge","decl":{"start":{"line":142,"column":22},"end":{"line":142,"column":null}},"loc":{"start":{"line":143,"column":12},"end":{"line":148,"column":null}}},"4":{"name":"getSprintsByStatus","decl":{"start":{"line":161,"column":22},"end":{"line":161,"column":null}},"loc":{"start":{"line":164,"column":22},"end":{"line":170,"column":null}}},"5":{"name":"getActiveSprint","decl":{"start":{"line":184,"column":22},"end":{"line":184,"column":null}},"loc":{"start":{"line":184,"column":22},"end":{"line":195,"column":null}}},"6":{"name":"getCurrentSprint","decl":{"start":{"line":209,"column":22},"end":{"line":209,"column":null}},"loc":{"start":{"line":209,"column":22},"end":{"line":223,"column":null}}},"7":{"name":"createSprint","decl":{"start":{"line":244,"column":22},"end":{"line":244,"column":35}},"loc":{"start":{"line":244,"column":57},"end":{"line":260,"column":null}}},"8":{"name":"updateSprint","decl":{"start":{"line":276,"column":22},"end":{"line":276,"column":null}},"loc":{"start":{"line":278,"column":24},"end":{"line":281,"column":null}}},"9":{"name":"deleteSprint","decl":{"start":{"line":293,"column":22},"end":{"line":293,"column":35}},"loc":{"start":{"line":293,"column":45},"end":{"line":295,"column":null}}},"10":{"name":"activateSprint","decl":{"start":{"line":314,"column":22},"end":{"line":314,"column":null}},"loc":{"start":{"line":316,"column":17},"end":{"line":336,"column":null}}},"11":{"name":"transitionToVoting","decl":{"start":{"line":350,"column":22},"end":{"line":350,"column":41}},"loc":{"start":{"line":350,"column":51},"end":{"line":363,"column":null}}},"12":{"name":"transitionToRetro","decl":{"start":{"line":377,"column":22},"end":{"line":377,"column":40}},"loc":{"start":{"line":377,"column":50},"end":{"line":390,"column":null}}},"13":{"name":"completeSprint","decl":{"start":{"line":405,"column":22},"end":{"line":405,"column":null}},"loc":{"start":{"line":407,"column":17},"end":{"line":427,"column":null}}},"14":{"name":"cancelSprint","decl":{"start":{"line":442,"column":22},"end":{"line":442,"column":null}},"loc":{"start":{"line":444,"column":17},"end":{"line":464,"column":null}}},"15":{"name":"getNextSprintNumber","decl":{"start":{"line":480,"column":22},"end":{"line":480,"column":null}},"loc":{"start":{"line":480,"column":22},"end":{"line":496,"column":null}}},"16":{"name":"isAcceptingSubmissions","decl":{"start":{"line":510,"column":16},"end":{"line":510,"column":39}},"loc":{"start":{"line":510,"column":53},"end":{"line":512,"column":null}}},"17":{"name":"isAcceptingVotes","decl":{"start":{"line":526,"column":16},"end":{"line":526,"column":33}},"loc":{"start":{"line":526,"column":47},"end":{"line":528,"column":null}}},"18":{"name":"isSprintInProgress","decl":{"start":{"line":541,"column":16},"end":{"line":541,"column":35}},"loc":{"start":{"line":541,"column":49},"end":{"line":544,"column":null}}},"19":{"name":"getStatusLabel","decl":{"start":{"line":555,"column":16},"end":{"line":555,"column":31}},"loc":{"start":{"line":555,"column":51},"end":{"line":566,"column":null}}},"20":{"name":"getSprintStatistics","decl":{"start":{"line":582,"column":22},"end":{"line":582,"column":42}},"loc":{"start":{"line":582,"column":58},"end":{"line":620,"column":null}}},"21":{"name":"extendSprint","decl":{"start":{"line":634,"column":22},"end":{"line":634,"column":null}},"loc":{"start":{"line":636,"column":23},"end":{"line":653,"column":null}}},"22":{"name":"endSprint","decl":{"start":{"line":666,"column":22},"end":{"line":666,"column":null}},"loc":{"start":{"line":668,"column":17},"end":{"line":684,"column":null}}},"23":{"name":"getSprintLastUpdate","decl":{"start":{"line":698,"column":22},"end":{"line":698,"column":42}},"loc":{"start":{"line":698,"column":58},"end":{"line":722,"column":null}}},"24":{"name":"getOverlappingSprints","decl":{"start":{"line":753,"column":22},"end":{"line":753,"column":null}},"loc":{"start":{"line":755,"column":15},"end":{"line":791,"column":null}}},"25":{"name":"(anonymous_52)","decl":{"start":{"line":762,"column":44},"end":{"line":762,"column":45}},"loc":{"start":{"line":762,"column":51},"end":{"line":762,"column":66}}},"26":{"name":"(anonymous_53)","decl":{"start":{"line":773,"column":46},"end":{"line":773,"column":47}},"loc":{"start":{"line":773,"column":47},"end":{"line":783,"column":null}}},"27":{"name":"validateSprintDates","decl":{"start":{"line":812,"column":22},"end":{"line":812,"column":null}},"loc":{"start":{"line":814,"column":15},"end":{"line":851,"column":null}}},"28":{"name":"(anonymous_55)","decl":{"start":{"line":829,"column":23},"end":{"line":829,"column":24}},"loc":{"start":{"line":829,"column":24},"end":{"line":831,"column":null}}}},"branchMap":{"0":{"loc":{"start":{"line":34,"column":2},"end":{"line":36,"column":null}},"type":"if","locations":[{"start":{"line":34,"column":2},"end":{"line":36,"column":null}},{"start":{},"end":{}}]},"1":{"loc":{"start":{"line":107,"column":2},"end":{"line":107,"column":18}},"type":"default-arg","locations":[{"start":{"line":107,"column":17},"end":{"line":107,"column":18}}]},"2":{"loc":{"start":{"line":108,"column":2},"end":{"line":108,"column":22}},"type":"default-arg","locations":[{"start":{"line":108,"column":20},"end":{"line":108,"column":22}}]},"3":{"loc":{"start":{"line":163,"column":2},"end":{"line":163,"column":18}},"type":"default-arg","locations":[{"start":{"line":163,"column":17},"end":{"line":163,"column":18}}]},"4":{"loc":{"start":{"line":164,"column":2},"end":{"line":164,"column":22}},"type":"default-arg","locations":[{"start":{"line":164,"column":20},"end":{"line":164,"column":22}}]},"5":{"loc":{"start":{"line":249,"column":12},"end":{"line":249,"column":null}},"type":"binary-expr","locations":[{"start":{"line":249,"column":12},"end":{"line":249,"column":23}},{"start":{"line":249,"column":27},"end":{"line":249,"column":null}}]},"6":{"loc":{"start":{"line":250,"column":14},"end":{"line":250,"column":null}},"type":"binary-expr","locations":[{"start":{"line":250,"column":14},"end":{"line":250,"column":27}},{"start":{"line":250,"column":31},"end":{"line":250,"column":null}}]},"7":{"loc":{"start":{"line":251,"column":12},"end":{"line":251,"column":null}},"type":"binary-expr","locations":[{"start":{"line":251,"column":12},"end":{"line":251,"column":23}},{"start":{"line":251,"column":27},"end":{"line":251,"column":null}}]},"8":{"loc":{"start":{"line":252,"column":19},"end":{"line":252,"column":null}},"type":"binary-expr","locations":[{"start":{"line":252,"column":19},"end":{"line":252,"column":37}},{"start":{"line":252,"column":41},"end":{"line":252,"column":null}}]},"9":{"loc":{"start":{"line":253,"column":15},"end":{"line":253,"column":null}},"type":"binary-expr","locations":[{"start":{"line":253,"column":15},"end":{"line":253,"column":29}},{"start":{"line":253,"column":33},"end":{"line":253,"column":null}}]},"10":{"loc":{"start":{"line":254,"column":19},"end":{"line":254,"column":null}},"type":"binary-expr","locations":[{"start":{"line":254,"column":19},"end":{"line":254,"column":37}},{"start":{"line":254,"column":41},"end":{"line":254,"column":null}}]},"11":{"loc":{"start":{"line":320,"column":2},"end":{"line":324,"column":null}},"type":"if","locations":[{"start":{"line":320,"column":2},"end":{"line":324,"column":null}},{"start":{},"end":{}}]},"12":{"loc":{"start":{"line":331,"column":2},"end":{"line":333,"column":null}},"type":"if","locations":[{"start":{"line":331,"column":2},"end":{"line":333,"column":null}},{"start":{},"end":{}}]},"13":{"loc":{"start":{"line":353,"column":2},"end":{"line":357,"column":null}},"type":"if","locations":[{"start":{"line":353,"column":2},"end":{"line":357,"column":null}},{"start":{},"end":{}}]},"14":{"loc":{"start":{"line":380,"column":2},"end":{"line":384,"column":null}},"type":"if","locations":[{"start":{"line":380,"column":2},"end":{"line":384,"column":null}},{"start":{},"end":{}}]},"15":{"loc":{"start":{"line":411,"column":2},"end":{"line":415,"column":null}},"type":"if","locations":[{"start":{"line":411,"column":2},"end":{"line":415,"column":null}},{"start":{},"end":{}}]},"16":{"loc":{"start":{"line":422,"column":2},"end":{"line":424,"column":null}},"type":"if","locations":[{"start":{"line":422,"column":2},"end":{"line":424,"column":null}},{"start":{},"end":{}}]},"17":{"loc":{"start":{"line":449,"column":2},"end":{"line":453,"column":null}},"type":"if","locations":[{"start":{"line":449,"column":2},"end":{"line":453,"column":null}},{"start":{},"end":{}}]},"18":{"loc":{"start":{"line":459,"column":2},"end":{"line":461,"column":null}},"type":"if","locations":[{"start":{"line":459,"column":2},"end":{"line":461,"column":null}},{"start":{},"end":{}}]},"19":{"loc":{"start":{"line":488,"column":4},"end":{"line":490,"column":null}},"type":"if","locations":[{"start":{"line":488,"column":4},"end":{"line":490,"column":null}},{"start":{},"end":{}}]},"20":{"loc":{"start":{"line":610,"column":4},"end":{"line":612,"column":null}},"type":"cond-expr","locations":[{"start":{"line":611,"column":8},"end":{"line":611,"column":null}},{"start":{"line":612,"column":8},"end":{"line":612,"column":null}}]},"21":{"loc":{"start":{"line":640,"column":2},"end":{"line":642,"column":null}},"type":"if","locations":[{"start":{"line":640,"column":2},"end":{"line":642,"column":null}},{"start":{},"end":{}}]},"22":{"loc":{"start":{"line":673,"column":2},"end":{"line":679,"column":null}},"type":"if","locations":[{"start":{"line":673,"column":2},"end":{"line":679,"column":null}},{"start":{"line":675,"column":9},"end":{"line":679,"column":null}}]},"23":{"loc":{"start":{"line":675,"column":9},"end":{"line":679,"column":null}},"type":"if","locations":[{"start":{"line":675,"column":9},"end":{"line":679,"column":null}},{"start":{"line":677,"column":9},"end":{"line":679,"column":null}}]},"24":{"loc":{"start":{"line":677,"column":9},"end":{"line":679,"column":null}},"type":"if","locations":[{"start":{"line":677,"column":9},"end":{"line":679,"column":null}},{"start":{},"end":{}}]},"25":{"loc":{"start":{"line":708,"column":2},"end":{"line":710,"column":null}},"type":"if","locations":[{"start":{"line":708,"column":2},"end":{"line":710,"column":null}},{"start":{},"end":{}}]},"26":{"loc":{"start":{"line":714,"column":4},"end":{"line":716,"column":null}},"type":"binary-expr","locations":[{"start":{"line":714,"column":4},"end":{"line":714,"column":null}},{"start":{"line":715,"column":4},"end":{"line":715,"column":null}},{"start":{"line":716,"column":4},"end":{"line":716,"column":null}}]},"27":{"loc":{"start":{"line":774,"column":6},"end":{"line":776,"column":null}},"type":"if","locations":[{"start":{"line":774,"column":6},"end":{"line":776,"column":null}},{"start":{},"end":{}}]},"28":{"loc":{"start":{"line":774,"column":10},"end":{"line":774,"column":44}},"type":"binary-expr","locations":[{"start":{"line":774,"column":10},"end":{"line":774,"column":26}},{"start":{"line":774,"column":30},"end":{"line":774,"column":44}}]},"29":{"loc":{"start":{"line":782,"column":13},"end":{"line":782,"column":null}},"type":"binary-expr","locations":[{"start":{"line":782,"column":13},"end":{"line":782,"column":39}},{"start":{"line":782,"column":39},"end":{"line":782,"column":null}}]},"30":{"loc":{"start":{"line":788,"column":50},"end":{"line":788,"column":108}},"type":"cond-expr","locations":[{"start":{"line":788,"column":75},"end":{"line":788,"column":88}},{"start":{"line":788,"column":91},"end":{"line":788,"column":108}}]},"31":{"loc":{"start":{"line":817,"column":2},"end":{"line":822,"column":null}},"type":"if","locations":[{"start":{"line":817,"column":2},"end":{"line":822,"column":null}},{"start":{},"end":{}}]},"32":{"loc":{"start":{"line":827,"column":2},"end":{"line":846,"column":null}},"type":"if","locations":[{"start":{"line":827,"column":2},"end":{"line":846,"column":null}},{"start":{},"end":{}}]},"33":{"loc":{"start":{"line":834,"column":21},"end":{"line":836,"column":null}},"type":"cond-expr","locations":[{"start":{"line":835,"column":8},"end":{"line":835,"column":null}},{"start":{"line":836,"column":8},"end":{"line":836,"column":null}}]},"34":{"loc":{"start":{"line":837,"column":19},"end":{"line":839,"column":null}},"type":"cond-expr","locations":[{"start":{"line":838,"column":8},"end":{"line":838,"column":null}},{"start":{"line":839,"column":8},"end":{"line":839,"column":null}}]}},"s":{"0":0,"1":0,"2":0,"3":0,"4":0,"5":0,"6":0,"7":0,"8":0,"9":0,"10":18,"11":0,"12":0,"13":0,"14":0,"15":0,"16":6,"17":0,"18":0,"19":0,"20":0,"21":0,"22":0,"23":0,"24":13,"25":1,"26":1,"27":0,"28":0,"29":0,"30":0,"31":0,"32":0,"33":0,"34":0,"35":0,"36":0,"37":0,"38":0,"39":0,"40":0,"41":0,"42":0,"43":0,"44":0,"45":0,"46":0,"47":0,"48":0,"49":0,"50":0,"51":0,"52":0,"53":0,"54":0,"55":0,"56":0,"57":0,"58":0,"59":0,"60":0,"61":0,"62":0,"63":0,"64":0,"65":0,"66":0,"67":0,"68":0,"69":0,"70":0,"71":0,"72":0,"73":0,"74":0,"75":0,"76":0,"77":0,"78":0,"79":0,"80":0,"81":0,"82":0,"83":10,"84":10,"85":0,"86":0,"87":0,"88":0,"89":0,"90":0,"91":0,"92":0,"93":0,"94":0,"95":0,"96":0,"97":0,"98":0,"99":0,"100":0,"101":0,"102":0,"103":0,"104":0,"105":0,"106":0,"107":0,"108":0,"109":0,"110":0,"111":0,"112":29,"113":29,"114":29,"115":29,"116":116,"117":29,"118":29,"119":27,"120":22,"121":2,"122":20,"123":20,"124":20,"125":27,"126":2,"127":13,"128":2,"129":11,"130":11,"131":4,"132":4,"133":8,"134":4,"135":4,"136":4,"137":4,"138":7},"f":{"0":0,"1":0,"2":0,"3":0,"4":0,"5":0,"6":0,"7":0,"8":0,"9":0,"10":0,"11":0,"12":0,"13":0,"14":0,"15":0,"16":0,"17":0,"18":0,"19":10,"20":0,"21":0,"22":0,"23":0,"24":29,"25":116,"26":22,"27":13,"28":8},"b":{"0":[0,0],"1":[0],"2":[0],"3":[0],"4":[0],"5":[0,0],"6":[0,0],"7":[0,0],"8":[0,0],"9":[0,0],"10":[0,0],"11":[0,0],"12":[0,0],"13":[0,0],"14":[0,0],"15":[0,0],"16":[0,0],"17":[0,0],"18":[0,0],"19":[0,0],"20":[0,0],"21":[0,0],"22":[0,0],"23":[0,0],"24":[0,0],"25":[0,0],"26":[0,0,0],"27":[2,20],"28":[22,21],"29":[20,18],"30":[1,1],"31":[2,11],"32":[4,7],"33":[4,0],"34":[4,0]}}
,"/home/mark/sprint-ui/lib/hooks/use-start-sprint.ts": {"path":"/home/mark/sprint-ui/lib/hooks/use-start-sprint.ts","statementMap":{"0":{"start":{"line":298,"column":0},"end":{"line":298,"column":15}},"1":{"start":{"line":89,"column":13},"end":{"line":89,"column":31}},"2":{"start":{"line":179,"column":16},"end":{"line":179,"column":null}},"3":{"start":{"line":12,"column":54},"end":{"line":12,"column":null}},"4":{"start":{"line":13,"column":38},"end":{"line":13,"column":null}},"5":{"start":{"line":17,"column":7},"end":{"line":17,"column":null}},"6":{"start":{"line":24,"column":7},"end":{"line":24,"column":null}},"7":{"start":{"line":26,"column":34},"end":{"line":26,"column":null}},"8":{"start":{"line":89,"column":31},"end":{"line":93,"column":null}},"9":{"start":{"line":92,"column":4},"end":{"line":92,"column":null}},"10":{"start":{"line":106,"column":2},"end":{"line":133,"column":null}},"11":{"start":{"line":107,"column":4},"end":{"line":113,"column":null}},"12":{"start":{"line":108,"column":6},"end":{"line":112,"column":null}},"13":{"start":{"line":115,"column":4},"end":{"line":120,"column":null}},"14":{"start":{"line":116,"column":6},"end":{"line":119,"column":null}},"15":{"start":{"line":122,"column":4},"end":{"line":127,"column":null}},"16":{"start":{"line":123,"column":6},"end":{"line":126,"column":null}},"17":{"start":{"line":129,"column":4},"end":{"line":132,"column":null}},"18":{"start":{"line":135,"column":2},"end":{"line":138,"column":null}},"19":{"start":{"line":182,"column":62},"end":{"line":182,"column":null}},"20":{"start":{"line":184,"column":22},"end":{"line":184,"column":null}},"21":{"start":{"line":185,"column":42},"end":{"line":185,"column":null}},"22":{"start":{"line":188,"column":35},"end":{"line":206,"column":null}},"23":{"start":{"line":191,"column":6},"end":{"line":195,"column":null}},"24":{"start":{"line":192,"column":8},"end":{"line":192,"column":null}},"25":{"start":{"line":194,"column":8},"end":{"line":194,"column":null}},"26":{"start":{"line":201,"column":6},"end":{"line":203,"column":null}},"27":{"start":{"line":202,"column":8},"end":{"line":202,"column":null}},"28":{"start":{"line":204,"column":6},"end":{"line":204,"column":null}},"29":{"start":{"line":209,"column":32},"end":{"line":216,"column":null}},"30":{"start":{"line":210,"column":4},"end":{"line":215,"column":null}},"31":{"start":{"line":211,"column":6},"end":{"line":211,"column":null}},"32":{"start":{"line":213,"column":6},"end":{"line":213,"column":null}},"33":{"start":{"line":214,"column":6},"end":{"line":214,"column":null}},"34":{"start":{"line":219,"column":24},"end":{"line":228,"column":null}},"35":{"start":{"line":221,"column":6},"end":{"line":221,"column":null}},"36":{"start":{"line":222,"column":6},"end":{"line":226,"column":null}},"37":{"start":{"line":223,"column":8},"end":{"line":223,"column":null}},"38":{"start":{"line":225,"column":8},"end":{"line":225,"column":null}},"39":{"start":{"line":232,"column":24},"end":{"line":239,"column":null}},"40":{"start":{"line":233,"column":4},"end":{"line":238,"column":null}},"41":{"start":{"line":234,"column":6},"end":{"line":234,"column":null}},"42":{"start":{"line":236,"column":6},"end":{"line":236,"column":null}},"43":{"start":{"line":237,"column":6},"end":{"line":237,"column":null}},"44":{"start":{"line":242,"column":31},"end":{"line":273,"column":null}},"45":{"start":{"line":248,"column":6},"end":{"line":263,"column":null}},"46":{"start":{"line":250,"column":8},"end":{"line":258,"column":null}},"47":{"start":{"line":251,"column":29},"end":{"line":253,"column":null}},"48":{"start":{"line":255,"column":10},"end":{"line":257,"column":null}},"49":{"start":{"line":256,"column":12},"end":{"line":256,"column":null}},"50":{"start":{"line":260,"column":8},"end":{"line":260,"column":null}},"51":{"start":{"line":262,"column":8},"end":{"line":262,"column":null}},"52":{"start":{"line":267,"column":6},"end":{"line":267,"column":null}},"53":{"start":{"line":269,"column":6},"end":{"line":271,"column":null}},"54":{"start":{"line":275,"column":2},"end":{"line":295,"column":null}},"55":{"start":{"line":298,"column":15},"end":{"line":298,"column":null}}},"fnMap":{"0":{"name":"(anonymous_4)","decl":{"start":{"line":91,"column":23},"end":{"line":91,"column":24}},"loc":{"start":{"line":92,"column":4},"end":{"line":92,"column":null}}},"1":{"name":"mapError","decl":{"start":{"line":105,"column":9},"end":{"line":105,"column":18}},"loc":{"start":{"line":105,"column":32},"end":{"line":139,"column":null}}},"2":{"name":"useStartSprint","decl":{"start":{"line":179,"column":16},"end":{"line":179,"column":null}},"loc":{"start":{"line":180,"column":37},"end":{"line":296,"column":null}}},"3":{"name":"(anonymous_7)","decl":{"start":{"line":190,"column":13},"end":{"line":190,"column":null}},"loc":{"start":{"line":190,"column":13},"end":{"line":196,"column":null}}},"4":{"name":"(anonymous_8)","decl":{"start":{"line":199,"column":11},"end":{"line":199,"column":12}},"loc":{"start":{"line":199,"column":26},"end":{"line":205,"column":null}}},"5":{"name":"(anonymous_9)","decl":{"start":{"line":209,"column":44},"end":{"line":209,"column":null}},"loc":{"start":{"line":209,"column":44},"end":{"line":216,"column":5}}},"6":{"name":"(anonymous_10)","decl":{"start":{"line":220,"column":4},"end":{"line":220,"column":11}},"loc":{"start":{"line":220,"column":28},"end":{"line":227,"column":null}}},"7":{"name":"(anonymous_11)","decl":{"start":{"line":232,"column":36},"end":{"line":232,"column":null}},"loc":{"start":{"line":232,"column":36},"end":{"line":239,"column":5}}},"8":{"name":"(anonymous_12)","decl":{"start":{"line":247,"column":16},"end":{"line":247,"column":23}},"loc":{"start":{"line":247,"column":23},"end":{"line":264,"column":null}}},"9":{"name":"(anonymous_13)","decl":{"start":{"line":265,"column":15},"end":{"line":265,"column":null}},"loc":{"start":{"line":265,"column":15},"end":{"line":272,"column":null}}}},"branchMap":{"0":{"loc":{"start":{"line":106,"column":2},"end":{"line":133,"column":null}},"type":"if","locations":[{"start":{"line":106,"column":2},"end":{"line":133,"column":null}},{"start":{},"end":{}}]},"1":{"loc":{"start":{"line":107,"column":4},"end":{"line":113,"column":null}},"type":"if","locations":[{"start":{"line":107,"column":4},"end":{"line":113,"column":null}},{"start":{},"end":{}}]},"2":{"loc":{"start":{"line":115,"column":4},"end":{"line":120,"column":null}},"type":"if","locations":[{"start":{"line":115,"column":4},"end":{"line":120,"column":null}},{"start":{},"end":{}}]},"3":{"loc":{"start":{"line":122,"column":4},"end":{"line":127,"column":null}},"type":"if","locations":[{"start":{"line":122,"column":4},"end":{"line":127,"column":null}},{"start":{},"end":{}}]},"4":{"loc":{"start":{"line":180,"column":2},"end":{"line":180,"column":37}},"type":"default-arg","locations":[{"start":{"line":180,"column":35},"end":{"line":180,"column":37}}]},"5":{"loc":{"start":{"line":182,"column":10},"end":{"line":182,"column":41}},"type":"default-arg","locations":[{"start":{"line":182,"column":17},"end":{"line":182,"column":41}}]},"6":{"loc":{"start":{"line":182,"column":43},"end":{"line":182,"column":57}},"type":"default-arg","locations":[{"start":{"line":182,"column":53},"end":{"line":182,"column":57}}]},"7":{"loc":{"start":{"line":201,"column":6},"end":{"line":203,"column":null}},"type":"if","locations":[{"start":{"line":201,"column":6},"end":{"line":203,"column":null}},{"start":{},"end":{}}]},"8":{"loc":{"start":{"line":250,"column":8},"end":{"line":258,"column":null}},"type":"if","locations":[{"start":{"line":250,"column":8},"end":{"line":258,"column":null}},{"start":{},"end":{}}]},"9":{"loc":{"start":{"line":250,"column":12},"end":{"line":250,"column":40}},"type":"binary-expr","locations":[{"start":{"line":250,"column":12},"end":{"line":250,"column":25}},{"start":{"line":250,"column":29},"end":{"line":250,"column":40}}]},"10":{"loc":{"start":{"line":255,"column":10},"end":{"line":257,"column":null}},"type":"if","locations":[{"start":{"line":255,"column":10},"end":{"line":257,"column":null}},{"start":{},"end":{}}]},"11":{"loc":{"start":{"line":280,"column":13},"end":{"line":280,"column":null}},"type":"binary-expr","locations":[{"start":{"line":280,"column":13},"end":{"line":280,"column":43}},{"start":{"line":280,"column":47},"end":{"line":280,"column":null}}]},"12":{"loc":{"start":{"line":291,"column":13},"end":{"line":291,"column":null}},"type":"binary-expr","locations":[{"start":{"line":291,"column":13},"end":{"line":291,"column":39}},{"start":{"line":291,"column":43},"end":{"line":291,"column":null}}]}},"s":{"0":0,"1":3,"2":42,"3":1,"4":1,"5":1,"6":1,"7":1,"8":1,"9":48,"10":8,"11":8,"12":2,"13":6,"14":1,"15":5,"16":1,"17":4,"18":0,"19":42,"20":42,"21":42,"22":42,"23":30,"24":30,"25":5,"26":5,"27":2,"28":3,"29":42,"30":3,"31":3,"32":1,"33":1,"34":42,"35":3,"36":3,"37":3,"38":3,"39":42,"40":2,"41":2,"42":1,"43":1,"44":42,"45":7,"46":7,"47":5,"48":5,"49":1,"50":6,"51":3,"52":4,"53":4,"54":42,"55":1},"f":{"0":48,"1":8,"2":42,"3":30,"4":5,"5":3,"6":3,"7":2,"8":7,"9":4},"b":{"0":[8,0],"1":[2,6],"2":[1,5],"3":[1,4],"4":[38],"5":[39],"6":[41],"7":[2,3],"8":[5,2],"9":[7,5],"10":[1,4],"11":[42,40],"12":[42,39]}}
}
