TN:
SF:app/sprint-control/components/start-next-sprint/challenge-preview.tsx
FN:28,ChallengePreview
FN:64,(anonymous_5)
FNF:2
FNH:2
FNDA:23,ChallengePreview
FNDA:16,(anonymous_5)
DA:9,1
DA:10,1
DA:28,23
DA:33,23
DA:48,20
DA:64,16
DA:66,16
DA:69,16
DA:107,1
LF:9
LH:9
BRDA:30,0,0,20
BRDA:33,1,0,3
BRDA:33,1,1,20
BRDA:48,2,0,4
BRDA:48,2,1,16
BRF:5
BRH:5
end_of_record
TN:
SF:app/sprint-control/components/start-next-sprint/challenge-selector.tsx
FN:40,ChallengeSelector
FN:50,(anonymous_5)
FN:68,(anonymous_6)
FN:86,(anonymous_7)
FN:113,(anonymous_8)
FN:144,(anonymous_9)
FNF:6
FNH:4
FNDA:23,ChallengeSelector
FNDA:2,(anonymous_5)
FNDA:1,(anonymous_6)
FNDA:0,(anonymous_7)
FNDA:0,(anonymous_8)
FNDA:33,(anonymous_9)
DA:10,1
DA:11,1
DA:12,1
DA:40,23
DA:50,23
DA:51,2
DA:52,1
DA:54,1
DA:59,23
DA:76,20
DA:103,15
DA:145,33
DA:153,1
LF:13
LH:13
BRDA:45,0,0,20
BRDA:46,1,0,18
BRDA:51,2,0,1
BRDA:51,2,1,1
BRDA:59,3,0,3
BRDA:59,3,1,20
BRDA:76,4,0,5
BRDA:76,4,1,15
BRDA:92,5,0,5
BRDA:103,6,0,4
BRDA:103,6,1,11
BRDA:103,7,0,15
BRDA:103,7,1,14
BRF:13
BRH:13
end_of_record
TN:
SF:app/sprint-control/components/start-next-sprint/index.tsx
FN:34,StartNextSprint
FN:77,(anonymous_7)
FN:80,(anonymous_8)
FN:89,(anonymous_9)
FN:97,(anonymous_10)
FN:98,(anonymous_11)
FN:129,(anonymous_12)
FN:139,(anonymous_13)
FN:161,(anonymous_14)
FN:168,(anonymous_15)
FN:211,(anonymous_16)
FN:264,(anonymous_17)
FN:287,(anonymous_18)
FNF:13
FNH:11
FNDA:53,StartNextSprint
FNDA:35,(anonymous_7)
FNDA:9,(anonymous_8)
FNDA:1,(anonymous_9)
FNDA:28,(anonymous_10)
FNDA:0,(anonymous_11)
FNDA:28,(anonymous_12)
FNDA:14,(anonymous_13)
FNDA:7,(anonymous_14)
FNDA:7,(anonymous_15)
FNDA:7,(anonymous_16)
FNDA:52,(anonymous_17)
FNDA:0,(anonymous_18)
DA:10,1
DA:11,1
DA:12,1
DA:13,1
DA:14,1
DA:15,1
DA:16,1
DA:17,1
DA:18,1
DA:34,26
DA:35,53
DA:42,53
DA:45,53
DA:48,53
DA:51,53
DA:52,53
DA:53,53
DA:56,53
DA:59,53
DA:60,53
DA:61,53
DA:64,53
DA:71,53
DA:74,53
DA:77,53
DA:78,35
DA:79,9
DA:80,9
DA:82,9
DA:84,26
DA:89,53
DA:90,1
DA:91,1
DA:92,1
DA:97,53
DA:98,28
DA:99,0
DA:104,0
DA:107,0
DA:109,0
DA:110,0
DA:111,0
DA:112,0
DA:113,0
DA:114,0
DA:116,0
DA:119,0
DA:121,0
DA:125,0
DA:129,28
DA:139,53
DA:141,14
DA:145,14
DA:146,2
DA:147,2
DA:148,2
DA:149,12
DA:150,12
DA:151,12
DA:152,12
DA:153,0
DA:154,0
DA:157,0
DA:161,53
DA:162,7
DA:163,7
DA:164,7
DA:168,53
DA:169,7
DA:172,7
DA:173,0
DA:177,7
DA:178,0
DA:182,7
DA:183,0
DA:188,7
DA:191,7
DA:192,7
DA:193,0
DA:197,7
DA:198,0
DA:202,7
DA:203,0
DA:206,7
DA:207,7
DA:211,53
DA:212,7
DA:214,7
DA:215,0
DA:218,7
DA:219,0
DA:223,7
DA:227,7
DA:230,7
DA:232,7
DA:233,0
DA:234,0
DA:237,7
DA:241,7
DA:245,7
DA:248,7
DA:260,7
DA:264,53
DA:265,52
DA:267,2
DA:268,1
DA:272,2
DA:277,2
DA:283,53
DA:287,0
DA:395,1
LF:111
LH:84
BRDA:78,0,0,9
BRDA:78,0,1,26
BRDA:78,1,0,35
BRDA:78,1,1,9
BRDA:82,2,0,9
BRDA:82,2,1,0
BRDA:91,3,0,1
BRDA:91,3,1,0
BRDA:99,4,0,0
BRDA:99,4,1,0
BRDA:100,5,0,0
BRDA:100,5,1,0
BRDA:100,5,2,0
BRDA:104,6,0,0
BRDA:104,6,1,0
BRDA:104,7,0,0
BRDA:104,7,1,0
BRDA:109,8,0,0
BRDA:109,8,1,0
BRDA:113,9,0,0
BRDA:113,9,1,0
BRDA:114,10,0,0
BRDA:114,10,1,0
BRDA:141,11,0,0
BRDA:141,11,1,14
BRDA:141,12,0,14
BRDA:141,12,1,0
BRDA:145,13,0,2
BRDA:145,13,1,12
BRDA:149,14,0,12
BRDA:149,14,1,0
BRDA:153,15,0,0
BRDA:153,15,1,0
BRDA:153,16,0,0
BRDA:153,16,1,0
BRDA:172,17,0,0
BRDA:172,17,1,7
BRDA:177,18,0,0
BRDA:177,18,1,7
BRDA:177,19,0,7
BRDA:177,19,1,0
BRDA:182,20,0,0
BRDA:182,20,1,7
BRDA:182,21,0,7
BRDA:182,21,1,0
BRDA:188,22,0,0
BRDA:188,22,1,7
BRDA:188,23,0,7
BRDA:188,23,1,0
BRDA:192,24,0,0
BRDA:192,24,1,7
BRDA:192,25,0,7
BRDA:192,25,1,7
BRDA:197,26,0,0
BRDA:197,26,1,7
BRDA:202,27,0,0
BRDA:202,27,1,7
BRDA:202,28,0,7
BRDA:202,28,1,0
BRDA:214,29,0,0
BRDA:214,29,1,7
BRDA:218,30,0,0
BRDA:218,30,1,7
BRDA:227,31,0,0
BRDA:227,31,1,7
BRDA:227,32,0,7
BRDA:227,32,1,0
BRDA:232,33,0,0
BRDA:232,33,1,7
BRDA:241,34,0,7
BRDA:241,34,1,7
BRDA:242,35,0,7
BRDA:242,35,1,0
BRDA:245,36,0,7
BRDA:245,36,1,0
BRDA:255,37,0,0
BRDA:255,37,1,7
BRDA:265,38,0,2
BRDA:265,38,1,50
BRDA:265,39,0,52
BRDA:265,39,1,2
BRDA:267,40,0,1
BRDA:267,40,1,1
BRDA:283,41,0,53
BRDA:283,41,1,53
BRDA:283,41,2,53
BRDA:283,41,3,27
BRDA:299,42,0,53
BRDA:308,43,0,53
BRDA:313,44,0,53
BRDA:336,45,0,53
BRDA:336,45,1,52
BRDA:339,46,0,53
BRDA:370,47,0,53
BRDA:370,47,1,27
BRDA:373,48,0,2
BRDA:373,48,1,51
BRF:97
BRH:54
end_of_record
TN:
SF:app/sprint-control/components/start-next-sprint/sprint-configuration.tsx
FN:71,SprintConfiguration
FN:89,(anonymous_8)
FN:114,(anonymous_9)
FN:133,(anonymous_10)
FN:139,(anonymous_11)
FN:153,(anonymous_12)
FN:192,(anonymous_13)
FN:210,(anonymous_14)
FN:253,(anonymous_15)
FNF:9
FNH:6
FNDA:39,SprintConfiguration
FNDA:2,(anonymous_8)
FNDA:1,(anonymous_9)
FNDA:1,(anonymous_10)
FNDA:1,(anonymous_11)
FNDA:0,(anonymous_12)
FNDA:2,(anonymous_13)
FNDA:0,(anonymous_14)
FNDA:0,(anonymous_15)
DA:9,1
DA:10,1
DA:11,1
DA:12,1
DA:13,1
DA:14,1
DA:71,39
DA:89,39
DA:92,2
DA:93,2
DA:94,2
DA:115,1
DA:133,1
DA:139,1
DA:193,2
DA:301,1
LF:16
LH:16
BRDA:86,0,0,0
BRDA:93,1,0,2
BRDA:93,1,1,0
BRDA:119,2,0,39
BRDA:132,3,0,33
BRDA:132,3,1,6
BRDA:138,4,0,6
BRDA:138,4,1,33
BRDA:146,5,0,39
BRDA:155,6,0,1
BRDA:155,6,1,5
BRDA:178,7,0,39
BRDA:203,8,0,39
BRDA:212,9,0,1
BRDA:212,9,1,3
BRDA:235,10,0,39
BRDA:255,11,0,1
BRDA:255,11,1,38
BRDA:272,12,0,39
BRDA:292,13,0,39
BRF:20
BRH:18
end_of_record
TN:
SF:lib/api/challenges.ts
FN:65,listChallenges
FN:88,listChallengesWithOptions
FN:108,getAllChallenges
FN:128,getChallenge
FN:142,getChallengeByNumber
FN:158,getRandomChallenge
FN:196,createChallenge
FN:213,updateChallenge
FN:230,deleteChallenge
FN:249,searchChallenges
FN:277,getChallengeCount
FN:291,isChallengeNumberAvailable
FN:321,getAvailableChallenges
FN:338,(anonymous_29)
FN:346,(anonymous_30)
FN:367,getRandomAvailableChallenge
FNF:16
FNH:5
FNDA:0,listChallenges
FNDA:0,listChallengesWithOptions
FNDA:45,getAllChallenges
FNDA:0,getChallenge
FNDA:0,getChallengeByNumber
FNDA:0,getRandomChallenge
FNDA:0,createChallenge
FNDA:0,updateChallenge
FNDA:0,deleteChallenge
FNDA:0,searchChallenges
FNDA:0,getChallengeCount
FNDA:0,isChallengeNumberAvailable
FNDA:48,getAvailableChallenges
FNDA:42,(anonymous_29)
FNDA:216,(anonymous_30)
FNDA:37,getRandomAvailableChallenge
DA:11,1
DA:13,1
DA:14,1
DA:65,0
DA:69,0
DA:88,0
DA:91,0
DA:93,0
DA:108,0
DA:109,45
DA:128,0
DA:129,0
DA:142,0
DA:143,0
DA:158,0
DA:160,0
DA:161,0
DA:163,0
DA:164,0
DA:168,0
DA:171,0
DA:175,0
DA:196,0
DA:197,0
DA:213,0
DA:217,0
DA:230,0
DA:231,0
DA:249,0
DA:254,0
DA:259,0
DA:277,0
DA:278,0
DA:279,0
DA:291,0
DA:294,0
DA:295,0
DA:296,0
DA:298,0
DA:321,11
DA:322,48
DA:324,48
DA:327,48
DA:328,48
DA:330,48
DA:337,45
DA:338,42
DA:342,45
DA:345,44
DA:346,216
DA:349,44
DA:351,4
DA:367,37
DA:368,37
DA:370,36
DA:371,4
DA:372,4
DA:378,32
DA:380,32
LF:59
LH:24
BRDA:66,0,0,0
BRDA:67,1,0,0
BRDA:89,2,0,0
BRDA:91,3,0,0
BRDA:91,4,0,0
BRDA:91,5,0,0
BRDA:91,6,0,0
BRDA:163,7,0,0
BRDA:163,7,1,0
BRDA:251,8,0,0
BRDA:252,9,0,0
BRDA:322,10,0,48
BRDA:322,10,1,2
BRDA:352,11,0,3
BRDA:352,11,1,1
BRDA:370,12,0,4
BRDA:370,12,1,32
BRDA:371,13,0,4
BRDA:371,13,1,0
BRF:19
BRH:7
end_of_record
TN:
SF:lib/api/sprints.ts
FN:33,validateRecordId
FN:106,listSprints
FN:127,getSprint
FN:142,getSprintWithChallenge
FN:161,getSprintsByStatus
FN:184,getActiveSprint
FN:209,getCurrentSprint
FN:244,createSprint
FN:276,updateSprint
FN:293,deleteSprint
FN:314,activateSprint
FN:350,transitionToVoting
FN:377,transitionToRetro
FN:405,completeSprint
FN:442,cancelSprint
FN:480,getNextSprintNumber
FN:510,isAcceptingSubmissions
FN:526,isAcceptingVotes
FN:541,isSprintInProgress
FN:555,getStatusLabel
FN:582,getSprintStatistics
FN:634,extendSprint
FN:666,endSprint
FN:698,getSprintLastUpdate
FN:753,getOverlappingSprints
FN:762,(anonymous_52)
FN:773,(anonymous_53)
FN:812,validateSprintDates
FN:829,(anonymous_55)
FNF:29
FNH:6
FNDA:0,validateRecordId
FNDA:0,listSprints
FNDA:0,getSprint
FNDA:0,getSprintWithChallenge
FNDA:0,getSprintsByStatus
FNDA:0,getActiveSprint
FNDA:0,getCurrentSprint
FNDA:0,createSprint
FNDA:0,updateSprint
FNDA:0,deleteSprint
FNDA:0,activateSprint
FNDA:0,transitionToVoting
FNDA:0,transitionToRetro
FNDA:0,completeSprint
FNDA:0,cancelSprint
FNDA:0,getNextSprintNumber
FNDA:0,isAcceptingSubmissions
FNDA:0,isAcceptingVotes
FNDA:0,isSprintInProgress
FNDA:10,getStatusLabel
FNDA:0,getSprintStatistics
FNDA:0,extendSprint
FNDA:0,endSprint
FNDA:0,getSprintLastUpdate
FNDA:29,getOverlappingSprints
FNDA:116,(anonymous_52)
FNDA:22,(anonymous_53)
FNDA:13,validateSprintDates
FNDA:8,(anonymous_55)
DA:11,1
DA:20,1
DA:34,0
DA:35,0
DA:106,0
DA:111,0
DA:127,0
DA:128,0
DA:142,0
DA:145,0
DA:161,0
DA:166,0
DA:184,0
DA:185,0
DA:186,0
DA:193,0
DA:209,0
DA:210,0
DA:211,0
DA:221,0
DA:244,0
DA:245,0
DA:259,0
DA:276,0
DA:280,0
DA:293,0
DA:294,0
DA:314,0
DA:318,0
DA:320,0
DA:321,0
DA:326,0
DA:331,0
DA:332,0
DA:335,0
DA:350,0
DA:351,0
DA:353,0
DA:354,0
DA:359,0
DA:377,0
DA:378,0
DA:380,0
DA:381,0
DA:386,0
DA:405,0
DA:409,0
DA:411,0
DA:412,0
DA:417,0
DA:422,0
DA:423,0
DA:426,0
DA:442,0
DA:446,0
DA:448,0
DA:449,0
DA:450,0
DA:455,0
DA:459,0
DA:460,0
DA:463,0
DA:480,0
DA:481,0
DA:482,0
DA:488,0
DA:489,0
DA:492,0
DA:494,0
DA:510,0
DA:511,0
DA:526,0
DA:527,0
DA:541,0
DA:542,0
DA:543,0
DA:555,6
DA:556,10
DA:565,10
DA:582,0
DA:589,0
DA:592,0
DA:598,0
DA:601,0
DA:607,0
DA:608,0
DA:610,0
DA:614,0
DA:634,0
DA:638,0
DA:640,0
DA:641,0
DA:644,0
DA:645,0
DA:649,0
DA:666,0
DA:670,0
DA:673,0
DA:674,0
DA:675,0
DA:676,0
DA:677,0
DA:678,0
DA:681,0
DA:698,0
DA:702,0
DA:708,0
DA:709,0
DA:714,0
DA:718,0
DA:753,18
DA:757,29
DA:758,29
DA:761,29
DA:762,116
DA:764,29
DA:765,29
DA:773,27
DA:774,22
DA:775,2
DA:778,20
DA:779,20
DA:782,20
DA:785,27
DA:787,2
DA:812,13
DA:817,13
DA:818,2
DA:825,11
DA:827,11
DA:828,4
DA:829,4
DA:830,8
DA:833,4
DA:834,4
DA:837,4
DA:841,4
DA:848,7
LF:138
LH:33
BRDA:34,0,0,0
BRDA:34,0,1,0
BRDA:107,1,0,0
BRDA:108,2,0,0
BRDA:163,3,0,0
BRDA:164,4,0,0
BRDA:249,5,0,0
BRDA:249,5,1,0
BRDA:250,6,0,0
BRDA:250,6,1,0
BRDA:251,7,0,0
BRDA:251,7,1,0
BRDA:252,8,0,0
BRDA:252,8,1,0
BRDA:253,9,0,0
BRDA:253,9,1,0
BRDA:254,10,0,0
BRDA:254,10,1,0
BRDA:320,11,0,0
BRDA:320,11,1,0
BRDA:331,12,0,0
BRDA:331,12,1,0
BRDA:353,13,0,0
BRDA:353,13,1,0
BRDA:380,14,0,0
BRDA:380,14,1,0
BRDA:411,15,0,0
BRDA:411,15,1,0
BRDA:422,16,0,0
BRDA:422,16,1,0
BRDA:449,17,0,0
BRDA:449,17,1,0
BRDA:459,18,0,0
BRDA:459,18,1,0
BRDA:488,19,0,0
BRDA:488,19,1,0
BRDA:610,20,0,0
BRDA:610,20,1,0
BRDA:640,21,0,0
BRDA:640,21,1,0
BRDA:673,22,0,0
BRDA:673,22,1,0
BRDA:675,23,0,0
BRDA:675,23,1,0
BRDA:677,24,0,0
BRDA:677,24,1,0
BRDA:708,25,0,0
BRDA:708,25,1,0
BRDA:714,26,0,0
BRDA:714,26,1,0
BRDA:714,26,2,0
BRDA:774,27,0,2
BRDA:774,27,1,20
BRDA:774,28,0,22
BRDA:774,28,1,21
BRDA:782,29,0,20
BRDA:782,29,1,18
BRDA:788,30,0,1
BRDA:788,30,1,1
BRDA:817,31,0,2
BRDA:817,31,1,11
BRDA:827,32,0,4
BRDA:827,32,1,7
BRDA:834,33,0,4
BRDA:834,33,1,0
BRDA:837,34,0,4
BRDA:837,34,1,0
BRF:67
BRH:14
end_of_record
TN:
SF:lib/hooks/use-start-sprint.ts
FN:91,(anonymous_4)
FN:105,mapError
FN:179,useStartSprint
FN:190,(anonymous_7)
FN:199,(anonymous_8)
FN:209,(anonymous_9)
FN:220,(anonymous_10)
FN:232,(anonymous_11)
FN:247,(anonymous_12)
FN:265,(anonymous_13)
FNF:10
FNH:10
FNDA:48,(anonymous_4)
FNDA:8,mapError
FNDA:42,useStartSprint
FNDA:30,(anonymous_7)
FNDA:5,(anonymous_8)
FNDA:3,(anonymous_9)
FNDA:3,(anonymous_10)
FNDA:2,(anonymous_11)
FNDA:7,(anonymous_12)
FNDA:4,(anonymous_13)
DA:12,1
DA:13,1
DA:17,1
DA:24,1
DA:26,1
DA:89,3
DA:92,48
DA:106,8
DA:107,8
DA:108,2
DA:115,6
DA:116,1
DA:122,5
DA:123,1
DA:129,4
DA:135,0
DA:179,42
DA:182,42
DA:184,42
DA:185,42
DA:188,42
DA:191,30
DA:192,30
DA:194,5
DA:201,5
DA:202,2
DA:204,3
DA:209,42
DA:210,3
DA:211,3
DA:213,1
DA:214,1
DA:219,42
DA:221,3
DA:222,3
DA:223,3
DA:225,3
DA:232,42
DA:233,2
DA:234,2
DA:236,1
DA:237,1
DA:242,42
DA:248,7
DA:250,7
DA:251,5
DA:255,5
DA:256,1
DA:260,6
DA:262,3
DA:267,4
DA:269,4
DA:275,42
DA:298,1
LF:54
LH:53
BRDA:106,0,0,8
BRDA:106,0,1,0
BRDA:107,1,0,2
BRDA:107,1,1,6
BRDA:115,2,0,1
BRDA:115,2,1,5
BRDA:122,3,0,1
BRDA:122,3,1,4
BRDA:180,4,0,38
BRDA:182,5,0,39
BRDA:182,6,0,41
BRDA:201,7,0,2
BRDA:201,7,1,3
BRDA:250,8,0,5
BRDA:250,8,1,2
BRDA:250,9,0,7
BRDA:250,9,1,5
BRDA:255,10,0,1
BRDA:255,10,1,4
BRDA:280,11,0,42
BRDA:280,11,1,40
BRDA:291,12,0,42
BRDA:291,12,1,39
BRF:23
BRH:22
end_of_record
